# callgrind format
version: 1
creator: callgrind-3.22.0
pid: 2677665
cmd:  ./mlp
part: 1


desc: I1 cache: 
desc: D1 cache: 
desc: LL cache: 

desc: Timerange: Basic block 0 - 1384521284
desc: Trigger: Program termination

positions: line
events: Ir
summary: 6288936569


ob=(6) /home/oumkalthoum.mhamdi/Predoc_2025/Project/mlp_codes_backup/mlp
fl=(77) ???
fn=(470) (below main)
0 12
cob=(3) /usr/lib64/libc-2.28.so
cfi=(69) ???
cfn=(472) (below main)
calls=1 0 
0 6288726472

fn=(968) 0x0000000000401300
0 6
cfn=(972) 0x0000000000401290
calls=1 0 
0 4
0 3

fn=(972)
0 4

fn=(486) 0x0000000000401330
0 11

fn=(480) __libc_csu_init
0 15
cob=(2) ???
cfi=(42) ???
cfn=(482) 0x0000000000401000
calls=1 0 
0 7
0 8
cfn=(486)
calls=1 0 
0 11
0 11

fl=(79) /home/oumkalthoum.mhamdi/Predoc_2025/Project/mlp_codes_backup/utils.c
fn=(870) matmul
18 280280
+1 80080
+1 680680
+1 40040
+1 80080
-2 15855840
+1 3963960
+1 7927920
+3 24304280
-5 20020000
+3 8008000
-1 8008000
+1 8008000
-1 8008000
-2 100100000
+3 40040000
-1 40040000
+1 40040000
-1 40040000
+1 112112000
-1 112112000
+1 112112000
-1 112112000
-2 112112000
+1 20020000
+1 24024000
-3 20060040

fn=(872) add_bias
28 160160
+1 160160
+1 80080
+2 200200
-1 160160
-1 80080
+1 40040
-1 80080
+2 7927920
-1 15855840
-1 7927920
+1 3963960
-1 7927920
+1 40040000
-1 40040000
+1 20020000
-1 40040000
-1 16056040

fn=(682) load_X
57 10
+1 1
-1 1
+1 1
cob=(3)
cfi=(69)
cfn=(520) fopen@@GLIBC_2.2.5
calls=1 -58 
* 451
* 1
+1 3
+2 2
+1 504
+1 500
cob=(3)
cfi=(69)
cfn=(688) __isoc99_fscanf
calls=100 -63 
* 241402
cob=(1) /usr/lib64/ld-2.28.so
cfi=(80) /usr/src/debug/glibc-2.28-251.el8_10.25.x86_64/elf/../sysdeps/x86_64/dl-trampoline.h
cfn=(512) _dl_runtime_resolve_xsave
calls=1 +4 
* 736
* 104
* 500
cob=(3)
cfi=(69)
cfn=(688)
calls=100 -63 
* 239271
* 100
* 400
-1 800
-1 400
+10 1
-1 1
+1 6
-1 1
cob=(3)
cfi=(69)
cfn=(620) fclose@@GLIBC_2.2.5
calls=1 -70 
* 516
* 1

fn=(744) randn
11 80
+1 40
cob=(3)
cfi=(69)
cfn=(750) rand
calls=40 -12 
* 2238
cob=(1)
cfi=(80)
cfn=(512)
calls=1 +55 
* 695
* 44
* 200
+1 40
cob=(3)
cfi=(69)
cfn=(750)
calls=40 -13 
* 2238
* 40
* 200
+1 40
-1 40
+1 40
cob=(4) /usr/lib64/libm-2.28.so
cfi=(70) ???
cfn=(758) log
calls=40 -14 
* 4471
cob=(1)
cfi=(80)
cfn=(512)
calls=1 +53 
* 587
* 44
* 360
cob=(4)
cfi=(70)
cfn=(790) 0x000000000007eec0
calls=40 -14 
* 3788
cob=(1)
cfi=(80)
cfn=(512)
calls=1 +53 
* 599
* 44
* 40
+1 120

fn=(504) count_lines
47 1
+1 1
-1 2
+1 1
cob=(3)
cfi=(69)
cfn=(520)
calls=1 -48 
* 75412
cob=(1)
cfi=(80)
cfn=(512)
calls=1 +19 
* 659
* 5
+1 3
+1 2
+1 500
cob=(3)
cfi=(69)
cfn=(580) fgets
calls=100 -51 
* 17504
* 100
* 4
cob=(3)
cfi=(69)
cfn=(580)
calls=1 -51 
* 676
cob=(1)
cfi=(80)
cfn=(512)
calls=1 +16 
* 696
* 5
* 202
+1 2
cob=(3)
cfi=(69)
cfn=(620)
calls=1 -52 
* 544
cob=(1)
cfi=(80)
cfn=(512)
calls=1 +15 
* 723
* 5
+2 5

fn=(716) load_y
74 6
+1 1
-1 1
+1 1
cob=(3)
cfi=(69)
cfn=(520)
calls=1 -75 
* 451
* 1
+1 3
+2 4
+1 5
cob=(3)
cfi=(69)
cfn=(688)
calls=1 -79 
* 1072
* 1
* 495
cob=(3)
cfi=(69)
cfn=(688)
calls=99 -79 
* 58900
* 99
* 200
-1 400
+8 1
-1 1
+1 4
-1 1
cob=(3)
cfi=(69)
cfn=(620)
calls=1 -85 
* 516
* 1

fn=(882) softmax
34 160160
+1 60060
+2 40040
+7 220220
-8 160160
+2 40040
-1 40040
+1 20020
cob=(4)
cfi=(70)
cfn=(888) exp
calls=20020 -38 
* 1901356
cob=(1)
cfi=(80)
cfn=(512)
calls=1 +29 
* 607
* 20024
+6 3963960
-8 15855840
+2 3963960
-1 3963960
+1 1981980
cob=(4)
cfi=(70)
cfn=(888)
calls=1981980 -38 
* 187194530
* 1981980
* 4004000
-1 4004000
+1 2002000
cob=(4)
cfi=(70)
cfn=(888)
calls=2002000 -38 
* 188929565
* 2002000
+1 4004000
-1 4004000
+1 4004000
-2 28028000
+5 8008000
-1 8008000
-6 10010000
+9 160160

fl=(83) /home/oumkalthoum.mhamdi/Predoc_2025/Project/mlp_codes_backup/model.c
fn=(928) calculate_loss
23 100
+2 20
-2 80
+2 20
-2 20
+2 20
-2 20
+2 20
-2 20
+2 60
cob=(3)
cfi=(69)
cfn=(738) calloc
calls=20 -25 
* 168566
* 20
+1 40
-1 40
+1 20
cob=(3)
cfi=(69)
cfn=(738)
calls=20 -26 
* 171535
* 20
+1 40
-1 40
+1 80
cob=(3)
cfi=(69)
cfn=(738)
calls=20 -27 
* 9999
* 20
+1 40
-1 20
+1 20
cob=(3)
cfi=(69)
cfn=(738)
calls=20 -28 
* 9500
* 20
* 20
+2 160
+7 160
cfi=(79)
cfn=(870)
calls=20 -19 
* 590600
+1 100
cfi=(79)
cfn=(872)
calls=20 -10 
* 156280
+1 240
+1 20
-1 40
+1 20
cob=(4)
cfi=(70)
cfn=(878) tanh
calls=20 -40 
* 2150
* 20
* 19980
-1 39960
+1 19980
cob=(4)
cfi=(70)
cfn=(878)
calls=19980 -40 
* 2408449
* 19980
* 20000
-1 40000
+2 160
cfi=(79)
cfn=(870)
calls=20 -23 
* 398600
+1 100
cfi=(79)
cfn=(872)
calls=20 -14 
* 44280
+3 100
cfi=(79)
cfn=(882)
calls=20 -11 
* 485792
+4 20
+11 20
-12 20
+1 100
+1 20
-2 80
+3 20
+2 40
-4 20
+2 20
+2 20
-4 20
+2 40
+2 40
cob=(4)
cfi=(70)
cfn=(758)
calls=20 -53 
* 1274
* 20
-2 1980
+2 3960
-4 1980
+2 1980
+2 1980
-4 1980
+2 3960
+2 3960
cob=(4)
cfi=(70)
cfn=(758)
calls=1980 -53 
* 135072
* 1980
* 4000
-4 4000
+9 120
-1 80
+2 20
-1 20
+1 40
-1 40
+1 380
-1 380
+1 760
-1 760
+2 180
+1 20
-1 20
+1 40
-1 40
+1 380
-1 380
+1 760
-1 760
+2 20
+2 40
+3 20
-5 60
+2 40
+3 20
cob=(3)
cfi=(69)
cfn=(636) free
calls=20 -67 
* 2560
* 20
+1 40
cob=(3)
cfi=(69)
cfn=(636)
calls=20 -68 
* 2560
* 20
+1 40
cob=(3)
cfi=(69)
cfn=(636)
calls=20 -69 
* 3160
* 20
+1 40
cob=(3)
cfi=(69)
cfn=(636)
calls=20 -70 
* 3640
* 20
+3 180

fn=(722) build_model
79 3
+4 1
-4 2
+6 1
-6 1
+5 1
-5 2
+1 1
-1 2
+1 1
cob=(3)
cfi=(69)
cfn=(728) srand
calls=1 -80 
* 11122
cob=(1)
cfi=(80)
cfn=(512)
calls=1 -13 
* 695
* 5
+3 4
cob=(3)
cfi=(69)
cfn=(526) malloc
calls=1 -83 
* 226
* 1
+1 4
-1 2
+1 1
cob=(3)
cfi=(69)
cfn=(738)
calls=1 -84 
* 269
cob=(1)
cfi=(80)
cfn=(512)
calls=1 -17 
* 663
* 5
+1 1
-1 2
+1 4
cob=(3)
cfi=(69)
cfn=(526)
calls=1 -85 
* 226
* 1
+1 2
-1 1
+1 1
cob=(3)
cfi=(69)
cfn=(738)
calls=1 -86 
* 248
* 1
* 1
+2 8
+7 5
+1 1
cfi=(79)
cfn=(744)
calls=1 -85 
* 2257
* 19
cfi=(79)
cfn=(744)
calls=19 -85 
* 6712
* 240
-1 100
+2 11
+1 1
cfi=(79)
cfn=(744)
calls=1 -87 
* 338
-1 19
+1 19
cfi=(79)
cfn=(744)
calls=19 -87 
* 6681
* 160
-1 40
+1 40
-1 61
+6 16
+5 7
cob=(3)
cfi=(69)
cfn=(738)
calls=1 0 
* 8256
* 1
* 139993
cob=(3)
cfi=(69)
cfn=(738)
calls=19999 0 
* 168666820
* 19999
+1 40000
-1 40000
+1 20000
cob=(3)
cfi=(69)
cfn=(738)
calls=20000 0 
* 171775510
* 20000
+1 40000
-1 20000
+1 80000
cob=(3)
cfi=(69)
cfn=(738)
calls=20000 0 
* 9939837
* 20000
+1 40000
-1 20000
+1 20000
cob=(3)
cfi=(69)
cfn=(738)
calls=20000 0 
* 9419950
* 20000
* 20000
+2 160000
+7 180000
cfi=(79)
cfn=(870)
calls=20000 18 
* 590600000
+1 100000
cfi=(79)
cfn=(872)
calls=20000 -93 
* 156280000
+1 260000
+1 20000
-1 40000
+1 20000
cob=(4)
cfi=(70)
cfn=(878)
calls=20000 0 
* 2131325
cob=(1)
cfi=(80)
cfn=(512)
calls=1 -56 
* 595
* 20004
* 19980000
-1 39960000
+1 19980000
cob=(4)
cfi=(70)
cfn=(878)
calls=19980000 0 
* 2418278111
* 19980000
* 20000000
-1 40020000
+2 160000
cfi=(79)
cfn=(870)
calls=20000 18 
* 398600000
+1 100000
cfi=(79)
cfn=(872)
calls=20000 -97 
* 44280000
+1 100000
cfi=(79)
cfn=(882)
calls=20000 -92 
* 488250870
+5 160000
cob=(3)
cfi=(69)
cfn=(526)
calls=20000 0 
* 3820230
* 20000
+1 80000
+1 20000
-2 20000
+1 60000
cob=(3)
cfi=(69)
cfn=(738)
calls=20000 0 
* 3440819
* 20000
+1 40000
-1 20000
+1 20000
cob=(3)
cfi=(69)
cfn=(738)
calls=20000 0 
* 6239798
* 20000
+1 40000
-1 20000
+1 60000
cob=(3)
cfi=(69)
cfn=(738)
calls=20000 0 
* 167219996
* 20000
+1 40000
-1 20000
+1 120000
cob=(3)
cfi=(69)
cfn=(738)
calls=20000 0 
* 3441304
* 20000
+1 40000
-1 20000
+1 20000
cob=(3)
cfi=(69)
cfn=(738)
calls=20000 0 
* 5839754
* 20000
+2 40000
-2 20000
+2 280000
+9 40000
+1 120000
cob=(3)
cfi=(69)
cfn=(614) __memcpy_avx_unaligned_erms
calls=20000 0 
* 3820000
cob=(1)
cfi=(80)
cfn=(512)
calls=1 -81 
* 747
* 20004
* 60000
+1 140000
+1 100000
-1 20000
+1 20000
-1 20000
+1 80000
-1 40000
+1 1980000
-1 1980000
+1 1980000
-1 1980000
+1 7920000
-1 3960000
+4 80000
+3 20000
-3 20000
+1 40000
+10 160000
-1 40000
+1 20000
+1 20000
-1 100000
-1 40000
+1 20000
+1 20000
-1 4020000
+1 3960000
-1 11880000
+2 40000
-4 180000
+13 40000
-5 20000
+1 40000
+8 100000
+4 20000
-4 20000
+1 40000
+10 160000
-1 40000
+1 20000
+1 20000
-1 420000
-1 360000
+1 180000
+1 180000
-1 20340000
+1 19800000
-1 59400000
+2 200000
-4 800000
+8 80000
+1 320000
-1 60000
+1 900000
-1 660000
+2 100000
-2 180000
+3 100000
-1 60000
+1 900000
-1 820000
+7 100000
-1 60000
+1 900000
-1 640000
+2 160000
+1 220000
-1 60000
+1 400000
-1 300000
+2 180000
-1 100000
+2 100000
-1 60000
+1 900000
-1 580000
+2 40000
+1 340000
-1 140000
+4 80000
cob=(3)
cfi=(69)
cfn=(636)
calls=20000 0 
* 2560000
cob=(1)
cfi=(80)
cfn=(512)
calls=1 67 
* 648
* 20004
+1 40000
cob=(3)
cfi=(69)
cfn=(636)
calls=20000 0 
* 2560030
* 20000
+1 40000
cob=(3)
cfi=(69)
cfn=(636)
calls=20000 0 
* 3160000
* 20000
+1 40000
cob=(3)
cfi=(69)
cfn=(636)
calls=20000 0 
* 3160000
* 20000
+1 40000
cob=(3)
cfi=(69)
cfn=(636)
calls=20000 0 
* 3160000
* 20000
+1 40000
cob=(3)
cfi=(69)
cfn=(636)
calls=20000 0 
* 2699812
* 20000
+1 40000
cob=(3)
cfi=(69)
cfn=(636)
calls=20000 0 
* 2139867
* 20000
+1 40000
cob=(3)
cfi=(69)
cfn=(636)
calls=20000 0 
* 5179090
* 20000
+1 40000
cob=(3)
cfi=(69)
cfn=(636)
calls=20000 0 
* 2699859
* 20000
+1 40000
cob=(3)
cfi=(69)
cfn=(636)
calls=20000 0 
* 2139848
* 20000
+3 60000
-15 40000
+15 40000
103 80001
233 4
cob=(3)
cfi=(69)
cfn=(520)
calls=1 0 
* 454
* 1
+1 2
-1 1
+1 1
cob=(3)
cfi=(69)
cfn=(520)
calls=1 0 
* 1133
* 1
+1 2
-1 1
+1 1
cob=(3)
cfi=(69)
cfn=(520)
calls=1 0 
* 625
* 1
+1 2
-1 1
+1 1
cob=(3)
cfi=(69)
cfn=(520)
calls=1 0 
* 625
* 1
* 1
+2 9
+10 9
+1 5
-1 1
+1 1
cob=(3)
cfi=(69)
cfn=(952) fprintf
calls=1 0 
* 2567
cob=(1)
cfi=(80)
cfn=(512)
calls=1 67 
* 712
* 5
* 95
-1 19
+1 19
cob=(3)
cfi=(69)
cfn=(952)
calls=19 0 
* 31426
* 19
-1 84
+2 9
+1 3
-1 1
+1 2
cob=(3)
cfi=(69)
cfn=(952)
calls=1 0 
* 2293
* 1
* 27
-1 9
+1 18
cob=(3)
cfi=(69)
cfn=(952)
calls=9 0 
* 14621
* 9
-1 23
+2 6
+1 60
-1 20
+1 40
cob=(3)
cfi=(69)
cfn=(952)
calls=20 0 
* 33240
* 20
-1 100
+2 3
+1 10
-1 2
+1 2
cob=(3)
cfi=(69)
cfn=(952)
calls=2 0 
* 3585
* 2
-1 4
+3 2
cob=(3)
cfi=(69)
cfn=(620)
calls=1 0 
* 693
* 1
* 2
cob=(3)
cfi=(69)
cfn=(620)
calls=1 0 
* 653
* 1
+1 2
cob=(3)
cfi=(69)
cfn=(620)
calls=1 0 
* 680
* 1
* 2
cob=(3)
cfi=(69)
cfn=(620)
calls=1 0 
* 669
* 1
+2 2
cob=(3)
cfi=(69)
cfn=(958) puts
calls=1 0 
* 570
cob=(1)
cfi=(80)
cfn=(512)
calls=1 67 
* 670
* 5
+3 2
cob=(3)
cfi=(69)
cfn=(636)
calls=1 0 
* 135
* 1
+1 2
cob=(3)
cfi=(69)
cfn=(636)
calls=1 0 
* 107
* 1
+1 2
cob=(3)
cfi=(69)
cfn=(636)
calls=1 0 
* 135
* 1
+1 1
+1 7
-1 1
cob=(3)
cfi=(69)
cfn=(636)
calls=1 0 
* 107
* 1
* 100000
156 80000
266 360000
156 1720000
-1 200000
+1 600000
+1 400000
-1 600000
+1 200000
-1 800000
-1 200000
+1 600000
+1 400000
-1 600000
+1 200000
-1 400000
+1 79200000
-1 118800000
+1 39600000
-1 79200000
+2 400000
-4 1800000
-1 1160000
+1 180000
-1 40000
+9 40000
+17 220000
-4 160000
-3 20000
+1 40000
+6 5940000
-4 15840000
-3 1980000
+1 3960000
-1 18000000
+1 56000000
-1 40000000
+2 80000000
-1 20000000
+1 20000000
-1 40000000
+1 40000000
-1 20000000
+1 20000000
-1 40000000
+2 40000000
-4 20000000
+4 80000000
-4 60000000
-1 10280000
+12 80000
-12 60000
+12 240000
-1 40000
+1 80000
+1 80000
-1 120000
+1 40000
-1 800000
-1 360000
+1 720000
+1 720000
-1 1080000
+1 360000
-1 720000
+1 79200000
-1 118800000
+1 39600000
-1 79200000
+2 400000
-4 1640000
-1 160000
+1 20000
+8 100000
+17 40000
-7 60000
+29 120
cfn=(928)
calls=20 23 
* 4793877
+1 80
cob=(3)
cfi=(69)
cfn=(650) printf
calls=20 0 
* 61218
* 20
* 20

fl=(78) /home/oumkalthoum.mhamdi/Predoc_2025/Project/mlp_codes_backup/main.c
fn=(502) main
6 1
+10 1
-5 1
+1 1
+4 1
cfi=(79)
cfn=(504)
calls=1 +31 
* 97052
+1 2
-1 1
+1 2
cob=(3)
cfi=(69)
cfn=(650)
calls=1 -17 
* 2007
cob=(1)
cfi=(80)
cfn=(512)
calls=1 +50 
* 686
* 5
+3 5
cob=(3)
cfi=(69)
cfn=(526)
calls=1 -20 
* 210
cob=(1)
cfi=(80)
cfn=(512)
calls=1 +47 
* 664
* 5
+1 1
-1 2
+1 2
cob=(3)
cfi=(69)
cfn=(526)
calls=1 -21 
* 226
* 1
+3 4
-3 1
+3 1
cfi=(79)
cfn=(682)
calls=1 +33 
* 485713
+1 4
cfi=(79)
cfn=(716)
calls=1 +49 
* 62164
+3 4
cfi=(83)
cfn=(722)
calls=1 +51 
* 6288075048
+3 2
cob=(3)
cfi=(69)
cfn=(636)
calls=1 -31 
* 128
* 1
+1 2
cob=(3)
cfi=(69)
cfn=(636)
calls=1 -32 
* 88
* 1
+2 3

ob=(5) /usr/libexec/valgrind/vgpreload_core-amd64-linux.so
fl=(76) ???
fn=(442) 0x00000000000006d0
0 12

fn=(1000) 0x0000000000000620
0 5

fn=(982) 0x0000000000000690
0 9
cob=(2)
cfi=(42)
cfn=(988) 0x0000000004a325f0
calls=1 0 
0 809
0 1
cfn=(1000)
calls=1 0 
0 5
0 3

ob=(1)
fl=(26) /usr/src/debug/glibc-2.28-251.el8_10.25.x86_64/posix/../sysdeps/unix/syscall-template.S
fn=(76) uname
78 5
+1 1

fl=(46) /usr/src/debug/glibc-2.28-251.el8_10.25.x86_64/io/../sysdeps/unix/sysv/linux/open64_nocancel.c
fn=(162) __open_nocancel
34 48
+3 48
-3 48
+3 288
+8 336
+2 4
-2 132
+2 44

fl=(12) /usr/src/debug/glibc-2.28-251.el8_10.25.x86_64/elf/../sysdeps/unix/sysv/linux/dl-sysdep.c
fn=(74) _dl_discover_osversion
46 5
+2 3
+85 5
-45 3
cfi=(26)
cfn=(76)
calls=1 -10 
* 6
+15 1
-15 2
+20 1
-1 1
+3 12
+4 3
-2 6
+2 9
+2 1
+1 2
-3 4
+7 3
-1 3
+4 3
-2 3
+2 10
+5 2

fl=(11) /usr/src/debug/glibc-2.28-251.el8_10.25.x86_64/elf/dl-sort-maps.c
fn=(20) _dl_sort_maps_init
303 2
+1 4
cfi=(9) /usr/src/debug/glibc-2.28-251.el8_10.25.x86_64/elf/dl-tunables.c
cfn=(22) __tunable_get_val
calls=1 412 
* 20
+2 3
-1 1
+2 2

fn=(226) _dl_sort_maps
312 24
+8 2
-8 2
+8 4
-52 8
cfi=(22) /usr/src/debug/glibc-2.28-251.el8_10.25.x86_64/string/../sysdeps/x86_64/multiarch/memmove-vec-unaligned-erms.S
cfn=(58) memcpy
calls=2 -78 
* 38
+13 12
+7 2
+36 16
187 2
+1 2
-1 2
+1 14
+1 6
-1 4
+1 24
-1 16
+28 32
+5 2
-5 2
+8 4
-8 2
+5 2
+3 4
-3 2
+2 2
-2 2
+3 6
+2 24
+2 40
cfn=(228) dfs_traversal
calls=10 -83 
* 425
+3 22
+18 4

fn=(228)
145 30
-3 10
+6 20
-6 60
+6 10
+2 30
+2 28
+3 34
-3 68
+9 20
+15 30
+1 10
+1 60
-17 15

fl=(48) /usr/src/debug/glibc-2.28-251.el8_10.25.x86_64/io/../sysdeps/unix/sysv/linux/lseek64.c
fn=(166) lseek
28 3
+8 12
+2 3

fl=(59) /usr/src/debug/glibc-2.28-251.el8_10.25.x86_64/io/../sysdeps/unix/sysv/linux/wordsize-64/xstat.c
fn=(202) _xstat
33 80
+1 80
+1 240
+4 4
-4 144

fl=(85) /usr/src/debug/glibc-2.28-251.el8_10.25.x86_64/elf/dl-fini.c
fn=(966) _dl_fini
30 9
+20 3
-3 6
+3 4
+3 2
cfi=(2) /usr/src/debug/glibc-2.28-251.el8_10.25.x86_64/elf/rtld.c
cfn=(62) rtld_lock_default_lock_recursive
calls=1 850 
* 3
+2 1
+3 2
+2 6
+7 2
-2 1
+2 1
cfi=(40) /usr/src/debug/glibc-2.28-251.el8_10.25.x86_64/elf/dl-audit.c
cfn=(426) _dl_audit_activity_nsid
calls=1 -26 
* 19
+5 13
+5 1
-5 1
+5 3
+2 10
+2 10
+2 10
+1 5
+1 5
+4 5
-12 15
+14 6
+1 4
+6 6
cfi=(11)
cfn=(226)
calls=1 312 
* 401
+9 2
cfi=(2)
cfn=(64) rtld_lock_default_unlock_recursive
calls=1 856 
* 3
+5 7
+2 1
+2 3
-2 4
+2 12
+3 10
+3 15
+4 6
+11 3
+1 3
-1 3
+2 3
-2 3
+2 3
-2 3
+3 12
+1 3
cob=(4)
cfi=(70)
cfn=(1008) 0x000000000000c590
calls=1 0 
* 95
cob=(5)
cfi=(76)
cfn=(982)
calls=1 0 
* 827
cob=(6)
cfi=(77)
cfn=(968)
calls=1 0 
* 13
-1 12
+5 6
+1 9
cob=(2)
cfi=(42)
cfn=(1024) 0x0000000004cdf80c
calls=1 0 
* 4
cob=(2)
cfi=(42)
cfn=(1006) 0x0000000004a3284c
calls=1 0 
* 4
cob=(2)
cfi=(42)
cfn=(978) 0x0000000000402f28
calls=1 0 
* 4
+6 10
cfi=(40)
cfn=(980) _dl_audit_objclose
calls=5 -55 
* 25
+5 5
-45 15
+49 3
cfi=(40)
cfn=(426)
calls=1 41 
* 19
* 2
-38 6
+44 6
+6 2
+7 8
72 3

fl=(55) /usr/src/debug/glibc-2.28-251.el8_10.25.x86_64/string/../sysdeps/x86_64/multiarch/memset-vec-unaligned-erms.S
fn=(186) memset
169 4
+1 20
+5 4
+1 4
+3 2
+1 2
338 2
+1 2
+12 2
+3 2
+1 2
+12 2
+1 2
+13 2
+1 2
+2 2
+3 2
+3 4
+3 2
+1 2
+1 2
+1 2
+1 2
+1 2
+1 2
-6 30
+1 30
+1 30
+1 30
+1 30
+1 30
+1 30
+3 2
+1 2
+1 2
+1 2
+5 2
+37 2
+5 2
+1 2
+39 2
+1 2
+2 2

fl=(43) /usr/src/debug/glibc-2.28-251.el8_10.25.x86_64/elf/dl-error-skeleton.c
fn=(146) _dl_catch_error
225 5
+2 1
-2 2
+2 1
-2 1
+2 2
cob=(2)
cfi=(42)
cfn=(148) 0x0000000004001040
calls=1 0 
* 2700
+1 2
+1 1
+1 1
-1 1
+1 1
+2 5

fn=(230) _dl_receive_error
238 4
+1 1
+1 1
+3 1
+1 1
+2 2
cfi=(2)
cfn=(232) version_check_doit
calls=1 683 
* 5520
+2 1
+1 1
+1 4

fn=(150) _dl_catch_exception
175 48
+3 12
+21 6
+4 6
+3 6
-3 6
+3 6
-7 6
+1 12
+6 6
cfi=(44) /usr/src/debug/glibc-2.28-251.el8_10.25.x86_64/setjmp/../sysdeps/x86_64/setjmp.S
cfn=(152) __sigsetjmp
calls=6 30 
* 144
* 24
+2 18
cfi=(58) /usr/src/debug/glibc-2.28-251.el8_10.25.x86_64/elf/dl-deps.c
cfn=(198) openaux
calls=5 61 
* 16743
cfi=(2)
cfn=(154) map_doit
calls=1 650 
* 2638
+2 6
-1 6
+1 6
-1 6
+1 12
+9 24

fl=(32) /usr/src/debug/glibc-2.28-251.el8_10.25.x86_64/string/../sysdeps/x86_64/multiarch/../strchr.S
fn=(92) index
23 22
+1 22
+1 22
+1 22
+1 22
+1 22
+1 22
+1 22
+1 22
+1 22
+1 22
+1 22
+1 22
+1 22
+1 22
+1 22
+1 22
+1 22
+1 15
+4 15
+1 15
+1 15
+1 15
+2 15
+4 7
+1 7
+1 7
+1 7
+1 7
+1 7
+1 7
+1 7
+1 7
+1 7
+1 7
+1 7
+1 7
+1 7
+1 7
+1 7
+1 7
+1 7
+1 7
+1 7
+1 7
+1 7
+1 7
+1 9
+5 1
+1 1
+3 1
+1 1
+1 1
+1 1
+1 1
+1 1
+1 1
+1 1
+1 1
+1 1
+1 1
+1 1
+1 1
+1 1
+1 1
+1 1
+1 1
+1 1
+2 1
+1 1
+2 1
+1 1
+1 1
+1 1
+1 1
+1 1
+1 1
+1 1
+2 1
+1 1
+1 1
+1 1
+1 1
+1 1
+1 1
+1 1
+1 1
+1 1
+3 1
+4 1
+1 1
+1 1
+1 1
+2 1
-9 6
+4 6
+1 6
+1 6
+1 6
+2 6

fl=(80)
fn=(512)
67 18
+5 18
+3 18
+2 18
+10 18
+6 18
+1 18
+1 18
+1 18
+1 18
+1 18
+1 18
+4 18
+1 18
+3 18
+1 18
+2 18
+1 18
+1 18
+1 18
+1 18
+1 18
+2 18
+7 18
+1 18
+1 18
cfi=(81) /usr/src/debug/glibc-2.28-251.el8_10.25.x86_64/elf/dl-runtime.c
cfn=(514) _dl_fixup
calls=18 -81 
* 11371
+1 18
+5 18
+1 18
+1 18
+2 18
+1 18
+1 18
+1 18
+1 18
+1 18
+1 18
+2 18
+2 18
+4 18
+3 18

fl=(29) /usr/src/debug/glibc-2.28-251.el8_10.25.x86_64/elf/dl-hwcaps.c
fn=(106) copy_hwcaps.isra.1
72 2
+8 2
-8 12
fi=(33) /usr/src/debug/glibc-2.28-251.el8_10.25.x86_64/elf/./dl-hwcaps.h
-18 2
+2 4
+32 2
+1 4
fe=(29)
-10 4
+1 4
-1 2
+1 10
cfi=(22)
cfn=(108) mempcpy
calls=2 +97 
* 26
+4 2
+2 2
+2 2
-3 2
+1 4
+1 4
+1 2
-11 4
cfi=(31) /usr/src/debug/glibc-2.28-251.el8_10.25.x86_64/elf/dl-hwcaps_split.c
cfn=(88) _dl_hwcaps_split_masked
calls=2 -26 
* 133
* 4
cfi=(31)
cfn=(88)
calls=2 -26 
* 157
* 8
+13 12

fn=(82) _dl_important_hwcaps
172 5
+1 1
-1 5
+14 1
-14 2
+1 1
-1 1
+1 1
-1 1
+1 1
-1 1
+1 2
cfi=(9)
cfn=(22)
calls=1 412 
* 19
* 1
+3 1
-1 1
+1 1
-1 1
+1 2
+8 1
cfi=(30) /usr/src/debug/glibc-2.28-251.el8_10.25.x86_64/elf/../sysdeps/x86_64/dl-hwcaps-subdirs.c
cfn=(84) _dl_hwcaps_subdirs_active
calls=1 27 
* 37
+1 1
+1 2
-2 1
+2 2
-1 1
-1 1
+1 1
+1 1
cfn=(86) update_hwcaps_counts
calls=1 49 
* 27
+1 5
cfn=(86)
calls=1 49 
* 319
+2 1
-89 2
fi=(21) /usr/src/debug/glibc-2.28-251.el8_10.25.x86_64/elf/../include/rtld-malloc.h
-44 1
cfi=(6) /usr/src/debug/glibc-2.28-251.el8_10.25.x86_64/elf/dl-minimal.c
cfn=(54) rtld_malloc
calls=1 +72 
* 19
fe=(29)
+44 1
+2 2
fi=(33)
-48 1
fe=(29)
+51 1
+3 1
fi=(33)
-52 2
-2 1
+2 1
fe=(29)
+56 2
cfi=(31)
cfn=(98) _dl_hwcaps_split
calls=1 -87 
* 6
* 2
fi=(33)
-58 1
+2 2
-2 1
+34 2
+1 3
fe=(29)
+38 10
+1 4
+1 2
+1 2
-1 2
-4 4
cfi=(31)
cfn=(88)
calls=2 -74 
* 133
* 2
cfi=(31)
cfn=(88)
calls=1 -74 
* 148
* 6
+8 2
+9 11
+9 2
+4 7
cfi=(34) /usr/src/debug/glibc-2.28-251.el8_10.25.x86_64/string/../sysdeps/x86_64/memcmp.S
cfn=(100) bcmp
calls=1 23 
* 41
+1 2
+1 4
+5 1
-1 1
+2 3
-1 1
+1 1
-20 2
-1 5
+54 2
+4 1
-5 1
+1 3
+4 1
-4 2
+4 5
+1 6
+1 2
-1 1
-1 12
+8 13
+1 2
-1 1
+2 4
+1 4
fi=(35) /usr/src/debug/glibc-2.28-251.el8_10.25.x86_64/elf/../sysdeps/x86/dl-hwcap.h
57 4
fe=(29)
216 2
fi=(35)
57 2
fe=(29)
213 1
+1 1
cfi=(17) /usr/src/debug/glibc-2.28-251.el8_10.25.x86_64/string/../sysdeps/x86_64/multiarch/strlen-vec.S
cfn=(40) strlen
calls=1 41 
* 17
+1 1
-5 1
+4 1
+1 4
-5 6
+8 3
+2 1
+2 3
-2 1
+1 2
+4 5
+1 1
+3 2
+4 3
+1 1
-1 2
+4 3
+1 2
+2 1
+1 1
-1 2
+2 5
-1 2
+2 2
+4 1
+3 2
+4 3
+7 1
-7 8
+7 2
fi=(21)
56 1
cfi=(6)
cfn=(54)
calls=1 +72 
* 19
* 2
fe=(29)
262 2
+7 1
+1 1
+1 3
-1 3
+1 5
cfn=(106)
calls=1 72 
* 33
+1 6
cfn=(106)
calls=1 72 
* 377
+3 1
+1 1
+9 1
-2 2
+24 2
+3 15
+7 2
+10 11
-4 2
-3 1
+3 1
cfi=(22)
cfn=(108)
calls=1 177 
* 17
* 2
-3 1
+3 1
cfi=(22)
cfn=(108)
calls=1 177 
* 17
+3 2
-3 4
+3 4
+1 12
+1 5
cfi=(22)
cfn=(108)
calls=1 177 
* 15
* 2
-2 2
+5 6
cfi=(22)
cfn=(108)
calls=2 177 
* 30
* 4
+2 6
-7 3
+13 1
-1 1
+1 2
-1 2
+1 7
-1 7
+1 14
-1 15
+5 10
+3 2
-3 8
+3 10
+1 48
+1 24
-1 24
+1 24
-1 24
-1 24
+4 9
+3 1
+2 2
-1 1
-1 1
+2 1
-2 1
+2 2
-1 1
+1 2
+3 2
+3 2
-6 2
+2 6
+3 1
+1 2
-6 5
+13 8
+1 1
-1 2
+3 2
-3 3
+1 3
-1 6
+3 6
+3 2
+1 4
+5 9
208 3

fn=(86)
49 8
fi=(33)
+5 2
+2 4
+32 2
+1 4
fe=(29)
-34 2
-1 2
+1 2
+1 4
-4 8
cfi=(31)
cfn=(88)
calls=4 -1 
* 290
* 8
+7 8
-2 2

fl=(1) ???
fn=(0) 0x000000000001ef10
0 2
cfi=(2)
cfn=(2) _dl_start
calls=1 504 
0 209536
0 14
cfi=(75) /usr/src/debug/glibc-2.28-251.el8_10.25.x86_64/elf/dl-init.c
cfn=(434) _dl_init
calls=1 79 
0 530
0 3
cob=(6)
cfi=(77)
cfn=(470)
calls=1 0 
0 6288726484

fl=(7) /usr/src/debug/glibc-2.28-251.el8_10.25.x86_64/elf/dl-lookup.c
fn=(266) check_match
69 1179
+3 917
+13 1048
+3 436
cfi=(24) /usr/src/debug/glibc-2.28-251.el8_10.25.x86_64/string/../sysdeps/x86_64/strcmp.S
cfn=(68) strcmp
calls=58 +21 
* 2896
* 116
+4 131
+1 262
+2 256
+19 256
+1 1024
+46 131
-84 131
+84 655
-18 6
+2 6
+1 3
-1 6
+1 9
-1 6
-29 384
cfi=(24)
cfn=(68)
calls=128 -7 
* 3715
* 256

fn=(12) _dl_setup_hash
972 5
+3 15
+2 5
+2 10
+2 5
-1 5
+3 15
+1 5
+4 5
-3 5
+7 5
-7 5
+3 5
-1 5
+3 5
+2 5
-7 5
+7 5
+5 5

fn=(264) do_lookup_x
362 987
+1 141
-1 564
+6 141
-6 282
+65 141
-58 141
+93 141
-35 282
+35 564
-51 1719
+8 573
-4 573
+1 573
+3 1146
+1 1719
+3 573
+1 1146
+7 1146
-3 1146
-2 573
+5 1719
+3 4011
582 1329
373 1148
+3 1148
+4 2304
+21 1146
+4 1146
+88 262
fi=(68) /usr/src/debug/glibc-2.28-251.el8_10.25.x86_64/elf/../sysdeps/generic/ldsodefs.h
126 393
fe=(7)
544 262
+3 956
+16 262
+1 131
+22 131
-21 131
+21 917
438 429
-1 286
+2 286
+2 140
+6 700
-6 140
+6 700
+7 402
-10 1325
+2 262
+1 262
-1 131
+1 131
+1 131
-1 262
+1 131
-1 1179
cfn=(266)
calls=131 69 
* 13829
+4 393
586 10
-1 10
+1 70
-35 69
-66 18
319 45
-31 786

fn=(262) _dl_lookup_symbol_x
852 1692
593 141
852 282
593 423
-1 282
+2 141
-1 141
+1 423
-1 423
+1 1664
-1 1664
+1 4992
-1 5133
854 141
+4 141
-4 141
+1 282
+7 538
+3 705
+6 282
-7 1128
+7 60
+1 1833
cfn=(264)
calls=141 362 
* 53794
* 554
+5 282
+24 1032
+40 524
+14 393
+3 393
+5 262
+2 1269
-86 60
+17 10
+1 20
+59 2

fl=(9)
fn=(16) __GI___tunables_init
289 9
-9 4
69 338
+6 111
-3 111
+3 10992
+4 222
+5 333
297 222
fi=(10) /usr/src/debug/glibc-2.28-251.el8_10.25.x86_64/elf/dl-tunables.h
124 333
+1 222
fe=(9)
330 444
-12 17760
fi=(10)
124 3996
+1 4706
-1 568
fe=(9)
312 14319
69 222
364 8

fn=(22)
412 26
+3 292
+4 76
+22 130
+2 26
-9 6
+1 3
-11 8
+1 4

fl=(13) /usr/src/debug/glibc-2.28-251.el8_10.25.x86_64/elf/../sysdeps/unix/sysv/linux/x86_64/brk.c
fn=(26) brk
28 1
+3 5
+2 2
+6 1
+1 1

fl=(19) /usr/src/debug/glibc-2.28-251.el8_10.25.x86_64/elf/dl-environ.c
fn=(46) _dl_next_ld_env_entry
28 3
+1 3
+3 10
+13 109
-13 327
+2 222
+1 40
+5 2
-3 2
+3 2
+2 2
+7 1

fl=(67) /usr/src/debug/glibc-2.28-251.el8_10.25.x86_64/elf/dl-reloc.c
fn=(350) _dl_protect_relro
348 5
+1 20
+3 5
-3 5
+3 5
-3 5
+3 5
+4 10
-8 5
+9 25
cfi=(53) /usr/src/debug/glibc-2.28-251.el8_10.25.x86_64/misc/../sysdeps/unix/syscall-template.S
cfn=(182) mprotect
calls=5 78 
* 30
* 10
+6 10

fn=(254) _dl_relocate_object
167 66
+1 12
+12 5
+1 5
+3 10
-3 5
-1 5
+6 5
-2 5
-3 5
+5 10
+3 5
-1 5
+1 10
+22 25
+4 4
+7 8
+44 2
fi=(5) /usr/src/debug/glibc-2.28-251.el8_10.25.x86_64/elf/../sysdeps/x86_64/dl-machine.h
76 2
fe=(67)
266 4
fi=(5)
76 6
+6 4
+4 6
+14 2
-8 2
+8 4
+20 4
+4 6
-2 2
+2 2
-2 4
fe=(67)
294 164
fi=(5)
479 8
fi=(4) /usr/src/debug/glibc-2.28-251.el8_10.25.x86_64/elf/do-rel.h
49 2
-1 2
+2 2
-1 2
+11 4
fe=(67)
294 6
fi=(5)
479 12
fi=(4)
49 3
-1 3
+2 3
-1 3
+11 6
-11 5
-1 5
+2 5
-1 5
+11 10
-7 2
-1 2
+11 12
fi=(5)
549 48
+4 48
+3 72
+1 24
fi=(4)
63 72
+2 96
-2 4
+13 4
fe=(67)
294 40
+3 30
+24 5
+3 10
+17 10
+2 8
212 10
+3 6
+7 12
+44 3
-53 3
+53 6
fi=(5)
76 3
fi=(4)
+10 8
+2 8
+12 8
-15 8
+3 16
-3 8
+3 8
+12 16
+10 14
+10 15
+3 14
+3 14
-73 4
-1 4
fi=(5)
489 12
fi=(4)
128 8
+1 4
+1 4
-2 4
+2 4
+3 4
-5 4
+2 4
-2 4
+1 8
+2 4
-2 4
+2 12
+2 8
-5 388
+1 194
+1 194
-2 194
+2 194
+3 194
-5 194
+2 194
-2 194
+1 388
+2 194
-2 194
+2 582
+2 388
+9 133
fi=(5)
274 266
+21 266
+4 266
+7 532
fi=(68)
126 348
fi=(5)
306 3994
cfi=(7)
cfn=(262)
calls=113 852 
* 65840
* 791
+1 348
+24 798
455 339
+1 113
fi=(4)
145 264
-19 594
+32 20
+1 9
fi=(5)
306 12
fi=(4)
159 39
+1 234
+3 130
+4 65
-3 65
+2 65
-3 65
+2 65
+2 65
-3 130
fi=(5)
306 260
512 65
fi=(4)
159 65
fi=(5)
512 65
+1 65
cfi=(14) /usr/src/debug/glibc-2.28-251.el8_10.25.x86_64/elf/../sysdeps/x86/dl-get-cpu-features.c
cfn=(412) __x86_cpu_features
calls=1 42 
* 6
cob=(4)
cfi=(70)
cfn=(400) trunc
calls=1 0 
* 7
cob=(4)
cfi=(70)
cfn=(398) sin
calls=1 0 
* 9
cob=(4)
cfi=(70)
cfn=(396) __atan2_finite
calls=1 0 
* 9
cob=(4)
cfi=(70)
cfn=(394) truncf
calls=1 0 
* 7
cob=(4)
cfi=(70)
cfn=(392) exp2f
calls=1 0 
* 9
cob=(4)
cfi=(70)
cfn=(390) __asin_finite
calls=1 0 
* 8
cob=(4)
cfi=(70)
cfn=(388) floor
calls=1 0 
* 7
cob=(4)
cfi=(70)
cfn=(386) floorf
calls=1 0 
* 7
cob=(4)
cfi=(70)
cfn=(384) sinf
calls=1 0 
* 9
cob=(4)
cfi=(70)
cfn=(382) __acos_finite
calls=1 0 
* 8
cob=(4)
cfi=(70)
cfn=(380) rintf
calls=1 0 
* 7
cob=(4)
cfi=(70)
cfn=(378) __log_finite
calls=1 0 
* 9
cob=(4)
cfi=(70)
cfn=(376) log2f
calls=1 0 
* 9
cob=(4)
cfi=(70)
cfn=(374) __pow_finite
calls=1 0 
* 8
cob=(4)
cfi=(70)
cfn=(372) ceil
calls=1 0 
* 7
cob=(4)
cfi=(70)
cfn=(370) ceilf
calls=1 0 
* 7
cob=(4)
cfi=(70)
cfn=(368) powf
calls=1 0 
* 9
cob=(4)
cfi=(70)
cfn=(366) sincosf
calls=1 0 
* 9
cob=(4)
cfi=(70)
cfn=(364) rint
calls=1 0 
* 7
cob=(4)
cfi=(70)
cfn=(362) logf
calls=1 0 
* 9
cob=(4)
cfi=(70)
cfn=(360) cos
calls=1 0 
* 9
cob=(4)
cfi=(70)
cfn=(358) expf
calls=1 0 
* 9
cob=(4)
cfi=(70)
cfn=(356) __exp_finite
calls=1 0 
* 9
cob=(4)
cfi=(70)
cfn=(354) cosf
calls=1 0 
* 9
cob=(3)
cfi=(69)
cfn=(348) gettimeofday
calls=1 0 
* 83
cob=(3)
cfi=(69)
cfn=(346) strncasecmp_l
calls=1 0 
* 17
cob=(3)
cfi=(69)
cfn=(344) strchrnul
calls=1 0 
* 21
cob=(3)
cfi=(69)
cfn=(342) stpcpy
calls=1 0 
* 17
cob=(3)
cfi=(69)
cfn=(340) stpncpy
calls=1 0 
* 17
cob=(3)
cfi=(69)
cfn=(338) strspn
calls=1 0 
* 7
cob=(3)
cfi=(69)
cfn=(336) wcslen
calls=1 0 
* 19
cob=(3)
cfi=(69)
cfn=(334) memchr
calls=1 0 
* 23
cob=(3)
cfi=(69)
cfn=(332) strcasecmp_l
calls=1 0 
* 17
cob=(3)
cfi=(69)
cfn=(330) memrchr
calls=1 0 
* 21
cob=(3)
cfi=(69)
cfn=(328) strlen
calls=1 0 
* 21
cob=(3)
cfi=(69)
cfn=(326) index
calls=1 0 
* 19
cob=(3)
cfi=(69)
cfn=(324) strpbrk
calls=1 0 
* 7
cob=(3)
cfi=(69)
cfn=(322) wmemset
calls=2 0 
* 38
cob=(3)
cfi=(69)
cfn=(320) wcsnlen
calls=1 0 
* 19
cob=(3)
cfi=(69)
cfn=(318) memcpy@@GLIBC_2.14
calls=1 0 
* 22
cob=(3)
cfi=(69)
cfn=(316) strcpy
calls=1 0 
* 17
cob=(3)
cfi=(69)
cfn=(314) strncasecmp
calls=1 0 
* 17
cob=(3)
cfi=(69)
cfn=(312) strcspn
calls=1 0 
* 7
cob=(3)
cfi=(69)
cfn=(310) strnlen
calls=2 0 
* 42
cob=(3)
cfi=(69)
cfn=(308) wcschr
calls=2 0 
* 42
cob=(3)
cfi=(69)
cfn=(306) memset
calls=1 0 
* 24
cob=(3)
cfi=(69)
cfn=(304) strcmp
calls=1 0 
* 17
cob=(3)
cfi=(69)
cfn=(302) strncmp
calls=1 0 
* 17
cob=(3)
cfi=(69)
cfn=(300) bcmp
calls=1 0 
* 22
cob=(3)
cfi=(69)
cfn=(298) mempcpy
calls=1 0 
* 22
cob=(3)
cfi=(69)
cfn=(296) wcscmp
calls=1 0 
* 21
cob=(3)
cfi=(69)
cfn=(294) wmemchr
calls=2 0 
* 46
cob=(3)
cfi=(69)
cfn=(292) rawmemchr
calls=1 0 
* 23
cob=(3)
cfi=(69)
cfn=(288) time
calls=1 0 
* 83
cob=(3)
cfi=(69)
cfn=(286) rindex
calls=1 0 
* 21
cob=(3)
cfi=(69)
cfn=(284) strcat
calls=1 0 
* 17
cob=(3)
cfi=(69)
cfn=(282) strcasecmp
calls=1 0 
* 17
cob=(3)
cfi=(69)
cfn=(280) strncpy
calls=1 0 
* 17
cob=(3)
cfi=(69)
cfn=(278) memmove
calls=1 0 
* 22
cob=(3)
cfi=(69)
cfn=(270) __x86_cacheinfo
calls=1 0 
* 1776
+1 65
fi=(4)
159 136
fi=(5)
468 1
fi=(4)
145 2
+1 84
fi=(5)
495 3
+4 7
cfi=(22)
cfn=(58)
calls=1 190 
* 11
+2 4
+1 1
-75 57
+4 76
+5 19
+9 19
-9 38
+9 57
fi=(4)
113 15
+1 3
fi=(5)
533 3
fi=(4)
114 3
fi=(5)
533 6
fi=(4)
114 1216
fi=(5)
533 1216
fi=(4)
114 1216
fi=(5)
533 2432
+5 2438
+1 1219
fi=(4)
113 1219
fi=(5)
539 2438
fi=(4)
113 2438
+7 9
-67 1
175 6
+2 2
+1 2
-1 1
+3 1
-3 4
+3 2
-3 10
+1 10
-1 5
+3 5
-3 20
+3 10
+8 6
fi=(5)
+86 12
+21 12
+4 12
+7 24
fi=(68)
126 18
fi=(5)
306 198
cfi=(7)
cfn=(262)
calls=6 852 
* 3292
* 42
+1 18
+24 36
-25 34
+1 178
+3 127
-3 127
+3 254
fi=(4)
135 65
+3 65
-3 195
+3 65
fi=(5)
306 86
+1 440
561 25
306 130
+1 260
+3 195
fe=(67)
+32 10
cfn=(350)
calls=5 +6 
* 140
+1 40
-49 9
fi=(5)
+12 39
455 12
+1 6
fi=(4)
191 12
-16 21
+30 2
fi=(5)
307 2
+3 2
-3 2
+3 4
-3 8
-1 54
fe=(67)

fl=(65) /usr/src/debug/glibc-2.28-251.el8_10.25.x86_64/elf/dl-version.c
fn=(234) _dl_check_all_versions
362 6
+4 5
-2 2
+4 30
cfn=(236) _dl_check_map_versions
calls=5 156 
* 5424
-2 5
+2 20
-2 10
+5 7

fn=(236)
156 40
+15 15
+2 5
+3 15
-3 10
+2 5
+1 5
-1 5
+3 10
+3 6
-16 3
-8 3
+28 3
-4 3
+4 12
+16 3
37 3
201 3
37 3
201 3
37 15
201 2
37 2
201 2
37 2
201 2
37 10
+1 16
-1 32
+2 63
cfi=(45) /usr/src/debug/glibc-2.28-251.el8_10.25.x86_64/elf/dl-misc.c
cfn=(158) _dl_name_match_p
calls=21 340 
* 1792
* 42
209 15
+5 5
-71 10
+71 10
-71 15
+79 5
-2 5
-2 5
+4 5
-4 40
+4 5
-2 5
-2 5
+4 5
-4 60
57 8
+8 12
-8 12
+8 18
+6 30
+16 10
+1 20
+2 10
+5 70
+14 172
+12 228
+4 76
-30 152
225 40
+3 30
+5 5
-11 5
111 10
+3 40
cfi=(24)
cfn=(68)
calls=10 -5 
* 402
* 45
237 20
+5 4
-43 2
+11 3
+41 12
+3 12
+10 43
-7 172
+3 129
-3 12
+3 9
+8 8
+6 4
fi=(21)
44 4
fe=(65)
274 4
fi=(21)
44 4
cfi=(6)
cfn=(50) rtld_calloc
calls=4 171 
* 112
fe=(65)
273 4
+2 8
+13 4
+2 4
-5 4
+3 8
+2 8
+3 9
+4 15
+18 5
-15 15
+2 15
-2 15
+2 15
+2 10
+1 10
-1 20
+1 10
-1 10
+1 10
+1 10
-2 10
+2 20
+1 30
+3 30
+8 15
+5 2
-28 2
+62 45
-29 12
+3 12
+20 43
-14 92
-2 43
+6 43
+1 43
+1 43
-1 129
+1 43
-1 43
+1 43
+1 43
+3 141
165 2
+86 2
-94 2
+94 3

fl=(60) /usr/src/debug/glibc-2.28-251.el8_10.25.x86_64/elf/dl-cache.c
fn=(214) _dl_cache_libcmp
360 18
+1 84
+2 372
+20 180
+2 180
+4 75
-28 75
+29 75
-29 225
+32 9
-28 6
+8 3
-2 6
+1 6
+1 6
-2 3
+2 3
+2 9
-3 3
+3 3
+2 6
+9 30

fn=(210) search_cache
202 18
+2 2
-2 8
fi=(62) /usr/src/debug/glibc-2.28-251.el8_10.25.x86_64/elf/../sysdeps/x86/dl-procinfo.h
39 4
+3 6
cfi=(24)
cfn=(68)
calls=2 +67 
* 100
* 4
fe=(60)
207 10
cfi=(9)
cfn=(22)
calls=2 412 
* 38
* 2
+2 2
-2 2
+12 4
+2 2
+1 4
-1 2
+1 2
-32 2
+32 2
+4 4
-14 14
352 3
219 6
+2 26
+1 13
-32 13
+32 13
+4 26
+4 45
cfn=(214)
calls=15 360 
* 1089
+1 30
349 13
+1 10
219 20
356 20
239 4
+2 2
-51 2
+51 4
-51 2
+51 2
+3 22
-5 2
+2 2
-61 1
+64 2
-3 1
+5 4
cfn=(214)
calls=1 360 
* 71
* 8
cfn=(214)
calls=2 360 
* 217
* 14
-37 2
+1 2
-1 4
+1 4
-1 10
+49 4
+10 4
+1 6
+2 4
+27 6
+1 4
+4 6
+8 4
+21 2
+3 2
-3 2
+3 8
-57 4
+8 2
fi=(61) /usr/src/debug/glibc-2.28-251.el8_10.25.x86_64/elf/../sysdeps/generic/dl-cache.h
116 4
fe=(60)
296 4
fi=(61)
116 6
fi=(62)
-74 4
fe=(60)
206 2

fn=(204) _dl_load_cache_lookup
406 12
+2 4
+3 6
+69 3
+5 6
+3 8
cfn=(210)
calls=2 202 
* 2019
* 2
+15 4
+4 4
+8 4
cfi=(17)
cfn=(40)
calls=2 41 
* 70
* 24
+1 4
-1 2
+1 4
cfi=(22)
cfn=(58)
calls=2 190 
* 22
+1 4
cfi=(36) /usr/src/debug/glibc-2.28-251.el8_10.25.x86_64/string/strdup.c
cfn=(120) strdup
calls=2 40 
* 174
+1 6
414 5
cfi=(45)
cfn=(206) _dl_sysdep_read_whole_file
calls=1 44 
* 113
* 1
+8 6
+1 8
+3 4
+1 1
-1 3
+3 1
fi=(61)
185 5
fe=(60)
515 6
-81 1
+1 2

fn=(428) _dl_unload_cache
527 1
+1 4
-1 1
+3 2
cfi=(53)
cfn=(430) munmap
calls=1 78 
* 6
+1 1
+4 1
+2 2

fl=(44)
fn=(152)
30 6
+2 6
+9 6
+1 12
+1 6
+4 6
+1 6
+1 6
+1 6
+1 6
+2 12
+2 6
+1 6
+1 6
+2 12
+2 6
+8 6
+3 6
+1 6
+7 6
+1 6

fl=(30)
fn=(84)
27 1
+6 4
+1 4
-1 1
+7 1
-7 3
+20 1
-9 2
+3 5
+2 4
+1 2
-6 3
+16 1
+2 1
-2 1
-3 2
+9 1

fl=(24)
fn=(68)
109 293
+33 293
+1 293
+2 293
+1 293
+21 293
+1 293
+1 246
+1 246
+1 228
+1 228
+1 228
+1 228
+17 228
+1 228
+1 228
+1 228
+1 228
+1 228
+1 228
+5 9
+1 27
+9 9
+1 9
+1 9
+1 9
+1 9
+1 9
+1 9
+1 9
-7 65
+1 65
+1 65
+1 65
+1 65
+1 65
+1 65
+1 65
+1 68
+1 28
+1 28
+1 28
+2 28
+1 28
+1 28
+1 28
+1 28
+1 28
-5 40
+1 40
+1 40
+1 40
+1 40
+1 40
+10 6
+1 6
+1 6
+2 6
+6 6
+1 6
+1 6
+1 6
+1 6
+5 6
+2 2
+1 2
+1 4
+8 2
+1 2
+3 2
+1 2
+1 2
+1 2
+1 2
+1 2
565 4
+1 4
+1 4
+1 4
+1 4
+2 4
+1 4
+1 4
+1 4
+1 4
+1 4
+1 4
+1 4
+4 4
+1 4
+1 4
+6 4
+1 4
+1 8
+4 4
+1 4
+3 4
+1 4
+1 4
+3 4
+1 4
+1 4
+6 4
+1 4
+1 4
+1 4
+1 4
+1 4
+72 1
+1 1
+1 1
+1 1
+1 1
+2 1
+1 1
+1 1
+1 1
+1 1
+1 1
+1 1
940 3
+1 3
+1 3
+1 3
+1 3
+2 3
+1 3
+1 3
+1 3
+1 3
+1 3
+1 3
+1 2
+4 2
+1 2
+1 2
+6 2
+1 2
+1 4
+4 2
+1 2
+3 2
+1 2
+1 2
+3 2
+1 2
+1 2
+6 2
+1 2
+1 2
+1 2
+1 2
+1 2
+72 4
+1 4
+1 4
+1 4
+1 4
+2 4
+1 4
+1 4
+1 4
+1 4
+1 4
+1 4
+1 4
+4 4
+1 4
+1 4
+6 4
+1 4
+1 8
+4 4
+1 4
+3 4
+1 4
+1 4
+3 4
+1 4
+1 4
+6 4
+1 4
+1 4
+1 4
+1 4
+1 4
+72 8
+1 8
+1 8
+1 8
+1 8
+2 8
+1 8
+1 8
+1 8
+1 8
+1 8
+1 8
+1 4
+4 4
+1 4
+1 4
+6 4
+1 4
+1 8
+4 4
+1 4
+3 4
+1 4
+1 4
+3 4
+1 4
+1 4
+6 4
+1 4
+1 4
+1 4
+1 4
+1 4
+72 6
+1 6
+1 6
+1 6
+1 6
+2 6
+1 6
+1 6
+1 6
+1 6
+1 6
+1 6
+1 5
+4 5
+1 5
+1 5
+6 5
+1 5
+1 10
+4 5
+1 5
+3 5
+1 5
+1 5
+3 5
+1 5
+1 5
+6 5
+1 5
+1 5
+1 5
+1 5
+1 5
+7 3
+1 3
+2 3
+1 3
+2 3
+1 3
+1 3
+3 3
+1 3
+1 3
+6 3
+1 3
+1 3
+1 3
+1 3
+1 3
+41 2
+1 2
+1 2
+1 2
+1 2
+2 2
+1 2
+1 2
+1 2
+1 2
+1 2
+1 2
+1 2
+4 2
+1 2
+1 2
+6 2
+1 2
+1 4
+4 2
+1 2
+3 2
+1 2
+1 2
+3 2
+1 2
+1 2
+6 2
+1 2
+1 2
+1 2
+1 2
+1 2
+72 3
+1 3
+1 3
+1 3
+1 3
+2 3
+1 3
+1 3
+1 3
+1 3
+1 3
+1 3
1690 12
+1 12
+1 12
+1 12
+1 12
+2 12
+1 12
+1 12
+1 12
+1 12
+1 12
+1 12
+1 9
+4 9
+1 9
+1 9
+6 9
+1 9
+1 18
+4 9
+1 9
+3 9
+1 9
+1 9
+3 9
+1 9
+1 9
+6 9
+1 9
+1 9
+1 9
+1 9
+1 9
+72 4
+1 4
+1 4
+1 4
+1 4
+2 4
+1 4
+1 4
+1 4
+1 4
+1 4
+1 4
+1 1
+4 1
+1 1
+1 1
+6 1
+1 1
+1 2
+4 1
+1 1
+3 1
+1 1
+1 1
+3 1
+1 1
+1 1
+6 1
+1 1
+1 1
+1 1
+1 1
+1 1
+72 12
+1 12
+1 12
+1 12
+1 12
+2 12
+1 12
+1 12
+1 12
+1 12
+1 12
+1 12
+1 5
+4 5
+1 5
+1 5
+6 5
+1 5
+1 10
+4 5
+1 5
+3 5
+1 5
+1 5
+3 5
+1 5
+1 5
+6 5
+1 5
+1 5
+1 5
+1 5
+1 5
+72 9
+1 9
+1 9
+1 9
+1 9
+2 9
+1 9
+1 9
+1 9
+1 9
+1 9
+1 9
+2 6
+4 6
+1 6
+1 6
+6 6
+1 6
+2 12
+4 6
+1 6
+3 6
+1 6
+1 6
+3 6
+1 6
+1 6
+6 6
+1 6
+1 6
+1 6
+1 6
+1 6
+74 44
+2 44
+1 44
+1 44
+1 44
-3 30
+1 30
+1 30
+1 30
+1 56
+5 28
+6 28
+1 28
+8 28
+1 28
-16 265
+6 265
+1 265
+8 265
+1 265

fl=(6)
fn=(50)
171 20
+4 10
+4 10
-1 20
+1 20
fi=(21)
56 10
cfi=(6)
cfn=(54)
calls=10 +72 
* 257
fe=(6)

fn=(408) lookup_malloc_symbol
74 8
+3 4
-3 16
+3 4
-3 4
+3 4
-1 4
+1 16
cfi=(7)
cfn=(262)
calls=4 852 
* 2391
+4 8
-4 4
+4 20
+1 24
+2 4
fi=(72) /usr/src/debug/glibc-2.28-251.el8_10.25.x86_64/elf/./dl-sym-post.h
-43 8
+12 12
+7 4
fe=(6)
+25 20

fn=(10) __rtld_malloc_init_stubs
55 1
+1 2
+1 2
+1 2
+1 2
+1 1

fn=(114) strsep
341 5
+3 15
+2 5
+1 10
+4 758
+7 1944
-2 978
+6 6
+7 3
+4 3
-4 1
+4 2
-7 243
-15 731

fn=(404) __rtld_malloc_init_real
89 2
+11 1
fi=(71) /usr/src/debug/glibc-2.28-251.el8_10.25.x86_64/elf/../sysdeps/generic/dl-hash.h
-55 1
fe=(6)
+54 1
-10 1
fi=(71)
-45 1
fe=(6)
+45 5
+11 1
-1 1
fi=(71)
-56 1
+5 3
+14 4
-17 2
+3 15
+14 20
-17 25
fe=(6)
+59 2
fi=(71)
-37 1
fe=(6)
+35 1
+2 2
fi=(71)
-32 1
fe=(6)
+32 1
cfn=(408)
calls=1 -30 
* 656
+1 3
-1 1
+1 1
cfn=(408)
calls=1 -31 
* 600
+1 3
-1 1
+1 1
cfn=(408)
calls=1 -32 
* 616
+1 3
-1 1
+1 1
cfn=(408)
calls=1 -33 
* 683
+5 1
+1 1
+1 1
+1 1
+1 7

fn=(54)
128 34
+1 135
+11 66
+3 33
-3 33
+3 66
-3 2
+3 1
-3 1
+3 130
-15 6
+20 8
+1 4
+2 4
+1 14
cfi=(51) /usr/src/debug/glibc-2.28-251.el8_10.25.x86_64/misc/../sysdeps/unix/sysv/linux/mmap64.c
cfn=(176) mmap
calls=2 41 
* 72
+2 4
+2 6
+2 2
+3 2
-3 4
+4 2
+2 10
-2 32
+2 32
-3 32
+3 32
-29 1
-1 1
+1 1
+1 2
-2 2

fn=(126) rtld_free
188 7
+2 28

fl=(56) /usr/src/debug/glibc-2.28-251.el8_10.25.x86_64/io/../sysdeps/unix/sysv/linux/close_nocancel.c
fn=(190) __GI___close_nocancel
25 4
+1 16
+1 4

fl=(40)
fn=(426)
41 6
+4 3
-4 3
+4 6
-4 9
+4 3
+2 9
+4 18

fn=(192) _dl_audit_objopen
77 3
+1 12

fn=(494) _dl_audit_preinit
118 1
+1 4

fn=(980)
97 5
+1 20

fn=(134) _dl_audit_activity_map
29 6
+2 1
-1 1
+1 2
+6 6

fl=(75)
fn=(436) call_init.part.0
36 5
+3 5
-3 10
+3 15
-11 32
+16 16
+5 6
+9 18
cob=(2)
cfi=(42)
cfn=(458) 0x0000000004c40090
calls=1 -58 
* 7
cob=(3)
cfi=(69)
cfn=(448) _init
calls=1 -58 
* 189
cob=(2)
cfi=(42)
cfn=(438) 0x0000000004a32590
calls=1 -58 
* 7
* 3
+4 6
+6 3
+2 6
-2 6
+3 15
+1 12
cob=(4)
cfi=(70)
cfn=(462) 0x000000000000c5d0
calls=1 -72 
* 12
cob=(3)
cfi=(69)
cfn=(456) check_stdfiles_vtables
calls=1 -72 
* 12
cob=(5)
cfi=(76)
cfn=(442)
calls=1 -72 
* 12
-1 9
+3 24
-29 3
-5 3

fn=(434)
79 12
+1 1
+1 1
+3 3
+8 2
+25 1
+1 6
+1 15
-89 22
+88 8
cfn=(436)
calls=4 -82 
* 364
* 8
+4 2
+1 8
-93 3
cfn=(436)
calls=1 +6 
* 72
+57 2

fl=(17)
fn=(40)
41 27
+44 27
+1 27
+1 27
+1 27
+1 27
+1 27
+1 27
+2 27
+2 27
+31 27
+1 27
+1 27
+1 27
+1 27
+1 9
+2 9
+4 18
+1 18
+1 18
+1 18
+1 18
+1 18
+1 18
+1 18
+1 18
+1 18
+1 18
+1 18
+5 134
+74 6
+1 6
+1 6
+1 6
+1 6
+1 6
+1 6
+1 6
+2 1
+2 1
+1 1
+1 1
+1 1
+1 1
+1 1
+1 1
+1 1
+1 1
+4 5
+2 5
+1 70
+2 5
+1 5
+1 5
+2 5

fl=(22)
fn=(108)
177 111
+1 111
+1 111
+1 111
+17 111
+1 111
+1 28
+1 28
+5 15
+1 15
+1 15
+1 15
+3 15
358 83
+1 83
+1 21
+1 21
+1 10
+1 10
+1 8
+4 8
+21 62
+1 62
+1 62
+1 62
+1 62
+3 11
+1 11
+1 11
+1 11
+1 11
+3 2
+1 2
+1 2
+1 2
+1 2
+10 13
+1 13
+1 13
+1 13
+2 3
+1 3
+1 3
+1 3
+1 3
+1 3
+1 3
+1 3
+1 3
+1 3
+1 3
+1 3
+1 3
+1 3
+1 3
+1 3
+1 3
+3 10
+1 10
+1 10
+1 10
+1 10
+1 10
+1 10
+1 10
+1 10

fn=(58)
190 25
+1 25
+6 25
+1 25
+1 19
+1 19
+5 8
+1 8
+1 8
+1 8
+3 8
358 6
+1 6
+1 1
+1 1
+1 1
+1 1
+1 1
+1 1
+1 1
+2 1
+21 5
+1 5
+1 5
+1 5
+1 5
+24 11
+1 11
+1 10
+1 10
+2 1
+1 1
+1 1
+1 1
+1 1
+1 1
+1 1
+1 1
+1 1
+1 1
+1 1
+1 1
+1 1
+1 1
+1 1
+1 1
+1 1
+3 9
+1 9
+1 9
+1 9
+1 9
+1 9
+1 9
+1 9
+1 9
+12 1
+1 1
+2 1
+3 1
+1 1
+1 1
+1 1
+1 1
+2 1
+1 1
+3 1
+1 1
+2 1
+2 1
+2 1
+2 2
+5 1
+1 1
+1 1
+1 1
+1 1
+1 1
+1 1
+1 1
+1 1
+1 1
+1 1
+1 1
+1 1
-12 2
+1 2
+1 2
+1 2
+1 2
+1 2
+1 2
+1 2
+1 2
+1 2
+1 2
+1 2
+1 2
+2 1
+1 1
+1 1
+1 1
+2 1
+1 1

fl=(28) /usr/src/debug/glibc-2.28-251.el8_10.25.x86_64/elf/dl-load.c
fn=(118) _dl_dst_count
236 20
+3 10
-3 30
+7 10
-7 10
+3 10
cfi=(32)
cfn=(92)
calls=10 23 
* 450
+3 20
+20 70

fn=(116) expand_dynamic_string_token
383 15
+10 5
-10 20
+10 5
cfn=(118)
calls=5 236 
* 372
+3 10
+12 5
-11 5
+11 20
-11 5
cfi=(36)
cfn=(120)
calls=5 40 
* 561

fn=(160) open_verify.constprop.9
1481 517
+39 47
-39 47
+39 94
+19 188
cfi=(46)
cfn=(162)
calls=47 34 
* 931
* 47
+2 94
+11 3
+1 3
+5 3
-5 3
+1 3
-1 3
+5 18
cfi=(47) /usr/src/debug/glibc-2.28-251.el8_10.25.x86_64/io/../sysdeps/unix/sysv/linux/read_nocancel.c
cfn=(164) __read_nocancel
calls=3 25 
* 18
+2 6
+2 6
+2 6
+6 6
+16 27
fi=(21)
50 6
cfi=(6)
cfn=(126)
calls=3 188 
* 15
* 3
fe=(28)
1525 44
1765 423
1586 21
+59 6
+5 6
+2 12
+6 6
+6 3
+1 3
-1 9
+1 3
-1 3
+1 6
+1 6
+21 9
1546 6
1687 3
1546 12
1687 102
+1 62
+13 12
+3 16
+6 2
+1 16
+10 6
cfi=(48)
cfn=(166)
calls=1 28 
* 6
+1 5
cfi=(47)
cfn=(164)
calls=1 25 
* 6
* 5
+10 24
-3 36
+15 4
+6 8
-3 2
+1 2
+3 2
-3 4
+1 2
-1 2
-1 2
+4 4
1586 6
1732 24
+3 4
-4 4
+4 8
+5 2
+1 6
-36 13

fn=(200) open_path
1779 16
+1 4
+6 4
+5 50
-7 2
-1 4
+20 32
+7 24
-12 8
+13 8
-1 8
cfi=(22)
cfn=(108)
calls=8 177 
* 184
* 8
+59 16
-8 40
-50 16
+50 44
-50 88
+3 160
+5 308
cfi=(22)
cfn=(108)
calls=44 177 
* 596
* 176
cfi=(22)
cfn=(108)
calls=44 177 
* 572
+3 88
+6 88
+3 308
cfn=(160)
calls=44 1481 
* 2288
* 44
+2 132
+2 80
+62 2
+27 18
1811 108
+89 56
+7 16
-2 8
+2 24
+3 6
-51 16
+2 8
-50 88
+29 80
+1 320
+6 80
+2 80
-2 120
+2 80
cfi=(59)
cfn=(202)
calls=40 33 
* 548
+3 40
-3 80
+1 4
+2 4
-2 4
+2 104
-61 6

fn=(80) _dl_init_paths
688 8
+14 1
-14 3
+14 2
cfi=(29)
cfn=(82)
calls=1 172 
* 2016
fi=(21)
56 1
fe=(28)
702 1
fi=(21)
56 1
cfi=(6)
cfn=(54)
calls=1 +72 
* 19
fe=(28)
707 1
+2 2
+7 2
+1 2
-1 3
+5 3
fi=(21)
56 1
cfi=(6)
cfn=(54)
calls=1 +72 
* 19
fe=(28)
721 1
+2 4
+26 1
-9 1
+3 1
-13 1
-1 1
+23 1
-14 1
+2 1
+1 1
+2 1
+1 1
+5 4
+1 1
-1 3
+1 9
-1 27
+3 1
-9 1
+9 1
-14 2
+2 1
+1 1
+3 1
-1 1
+6 2
+1 1
-1 3
+1 9
-1 27
+15 1
+3 1
-15 1
+7 1
-1 1
+9 2
+2 4
+2 3
+36 4
+2 2
cfi=(17)
cfn=(40)
calls=1 41 
* 79
* 10
-19 1
-2 2
+2 2
+14 2
+5 6
cfi=(22)
cfn=(58)
calls=1 190 
* 70
* 1
+5 4
-1 2
+2 984
+1 6
-1 3
-1 985
fi=(21)
56 1
cfi=(6)
cfn=(54)
calls=1 +72 
* 19
fe=(28)
818 1
+2 2
+6 7
cfn=(112) fillin_rpath
calls=1 452 
* 6482
+3 3
+6 1
+4 7
-30 3

fn=(170) _dl_map_object_from_fd
877 36
+10 3
-10 3
+10 3
-10 6
+10 3
cfi=(38) /usr/src/debug/glibc-2.28-251.el8_10.25.x86_64/elf/dl-debug.c
cfn=(128) _dl_debug_initialize
calls=3 46 
* 27
fi=(49) /usr/src/debug/glibc-2.28-251.el8_10.25.x86_64/elf/../sysdeps/posix/dl-fileid.h
35 9
fe=(28)
887 3
fi=(49)
35 3
cfi=(50) /usr/src/debug/glibc-2.28-251.el8_10.25.x86_64/io/../sysdeps/unix/sysv/linux/wordsize-64/fxstat.c
cfn=(174) _fxstat
calls=3 -2 
* 33
* 6
+4 3
fe=(28)
904 3
fi=(49)
38 3
+1 3
fe=(28)
904 51
+1 18
fi=(49)
47 24
fe=(28)
1428 27
922 6
+28 12
+10 6
+22 21
cfi=(20) /usr/src/debug/glibc-2.28-251.el8_10.25.x86_64/elf/dl-object.c
cfn=(48) _dl_new_object
calls=3 59 
* 1057
* 3
+1 6
+11 3
+5 3
-5 3
+1 3
+5 3
-5 3
+1 3
+2 3
-2 3
+2 6
+1 9
+20 6
-2 3
+2 51
+8 15
1127 3
1020 3
1127 3
1027 3
-6 3
1127 3
1015 3
1127 9
-99 72
-1 210
+1 179
+74 3
+4 1
+1 2
+1 3
+3 3
+1 1
+3 1
-3 1
+8 4
+19 6
+1 6
+1 3
-6 6
+1 3
-91 2
+1 1
+5 30
+5 42
+7 24
+13 6
-1 18
+1 6
-1 12
+3 12
-2 6
-2 6
+5 6
-4 6
+1 6
+1 6
+1 6
+1 6
+4 12
+1 18
+5 6
-1 3
+1 3
-1 3
-14 3
+15 15
+10 3
-10 6
-1 3
+1 3
-1 3
-14 3
+15 15
+10 3
+45 30
cfi=(23) /usr/src/debug/glibc-2.28-251.el8_10.25.x86_64/elf/../sysdeps/x86/dl-prop.h
cfn=(178) _dl_process_pt_note
calls=6 153 
* 459
* 12
1034 6
+5 6
+1 18
1152 6
995 6
1165 6
+10 9
fi=(52) /usr/src/debug/glibc-2.28-251.el8_10.25.x86_64/elf/./dl-map-segments.h
56 3
fe=(28)
1175 3
fi=(52)
56 3
fe=(28)
1175 9
fi=(52)
56 3
fe=(28)
1175 9
fi=(52)
56 3
-6 3
+6 6
-6 3
+6 3
cfi=(51)
cfn=(176)
calls=3 -15 
* 114
+4 6
-4 3
+4 3
+3 6
+1 3
+2 3
-3 3
+1 3
+2 3
+7 33
cfi=(53)
cfn=(182)
calls=3 +5 
* 18
* 9
+7 6
fi=(54) /usr/src/debug/glibc-2.28-251.el8_10.25.x86_64/elf/./dl-load.h
+10 12
+1 9
+2 12
fi=(52)
+11 24
+6 3
+2 3
-2 3
+1 3
+2 6
-1 6
+3 6
+5 6
+3 6
+8 24
cfi=(55)
cfn=(186)
calls=3 +38 
* 273
+1 9
+5 6
+12 6
-59 30
+2 18
+2 27
cfi=(51)
cfn=(176)
calls=3 -53 
* 102
* 9
fe=(28)
1187 12
+9 9
fi=(3) /usr/src/debug/glibc-2.28-251.el8_10.25.x86_64/elf/get-dynamic-info.h
42 3
+6 3
-2 3
+2 6
+15 3
+5 3
+2 3
-3 3
-3 70
+10 16
-26 48
+16 57
+10 57
-26 171
+26 3
-26 9
+2 152
+13 76
+2 12
fi=(52)
+76 9
cfi=(51)
cfn=(176)
calls=1 41 
* 34
+3 3
fe=(28)
1203 6
+1 6
+20 9
+19 6
+2 15
+48 9
+1 2
+3 2
cfi=(56)
cfn=(190)
calls=1 25 
* 6
* 4
cfi=(56)
cfn=(190)
calls=2 25 
* 12
* 6
+9 6
+2 12
+2 6
+16 6
cfi=(7)
cfn=(12)
calls=3 972 
* 72
+4 6
+1 6
+17 6
+1 1
+3 1
+5 1
-5 2
+5 1
-5 2
+5 2
-5 4
+5 2
+10 6
+7 24
+10 6
+1 4
+5 2
cfi=(39) /usr/src/debug/glibc-2.28-251.el8_10.25.x86_64/elf/../elf/dl-tls.c
cfn=(218) _dl_assign_tls_modid
calls=1 152 
* 10
+7 9
cfi=(20)
cfn=(60) _dl_add_to_namespace_list
calls=3 31 
* 138
+3 12
+23 21
+1 9
cfi=(40)
cfn=(192)
calls=3 77 
* 15
* 3
fi=(3)
81 6
+20 11
+1 12
+1 12
+1 12
+2 12
+5 12
+1 11
+1 12
+5 9
+5 6
+7 6
+1 9
+18 9
+5 4
+2 4
+2 4
+2 4
+1 2
+2 9
+2 9
+1 6
+9 9
+5 6
+1 4
+2 6
68 12
fi=(54)
+26 8
+2 2
-1 4
+1 2
-1 2
+1 2
-1 2
+1 2
-1 4
+3 8
fe=(28)
1419 6
fi=(3)
71 12
+2 3
-1 3
+1 9
fe=(28)
1375 9
+1 2
+1 2
-1 2
+1 2
-1 25
+2 2

fn=(112)
452 7
+2 1
-2 9
+4 3
cfi=(6)
cfn=(114)
calls=1 341 
* 1256
* 12
cfi=(6)
cfn=(114)
calls=4 341 
* 3448
* 15
+7 8
+2 12
cfn=(116)
calls=4 -82 
* 844
* 4
+4 8
+5 8
cfi=(17)
cfn=(40)
calls=4 41 
* 166
+1 8
+16 54
+1 28
fi=(21)
50 8
cfi=(6)
cfn=(126)
calls=4 188 
* 20
* 4
fe=(28)
482 24
+28 12
+4 12
fi=(21)
56 4
cfi=(6)
cfn=(54)
calls=4 +72 
* 76
* 4
fe=(28)
516 8
+5 4
+1 8
-2 4
+1 4
-1 4
+2 4
cfi=(22)
cfn=(108)
calls=4 177 
* 92
+1 4
+2 4
-3 4
+1 4
+2 4
+1 1
+5 1
+1 1
-1 3
+1 2
-1 3
+1 3
-1 9
+1 14
+1 4
-1 12
+1 36
-1 108
+3 8
+1 12
+7 8
+1 4
+3 12
+6 1
+3 9
-15 8
-59 4
+5 16

fn=(156) _dl_map_object
1931 60
+8 12
+1 24
+3 105
+5 126
+2 54
cfi=(45)
cfn=(158)
calls=18 340 
* 1778
* 36
+4 30
+1 45
+3 6
+1 6
+1 6
-1 6
+1 6
-1 6
+1 6
cfi=(24)
cfn=(68)
calls=6 109 
* 296
* 12
2235 57
1974 24
-41 3
+50 9
+17 6
-2 3
+2 3
cfi=(32)
cfn=(92)
calls=3 23 
* 72
* 6
2166 2
-1 3
cfn=(116)
calls=1 383 
* 179
+2 1
-3 1
+3 2
+4 8
cfn=(160)
calls=1 1481 
* 326
+3 2
-3 1
+3 1
+12 4
+46 1
+1 3
-1 1
+1 9
cfn=(170)
calls=1 877 
* 1699
-1 2
+1 6
-1 2
+1 18
cfn=(170)
calls=2 877 
* 3629
* 9
2004 4
cfi=(17)
cfn=(40)
calls=2 41 
* 34
* 4
+2 4
+7 8
+51 24
cfn=(200)
calls=2 1779 
* 7296
+6 2
-6 2
+6 8
664 2
2071 2
664 4
2158 4
+28 8
+2 8
2017 2
+1 2
+7 2
-8 2
+8 4
-8 2
+8 14
-3 6
664 2
2023 2
664 4
2079 2
+14 4
+2 6
+4 4
cfi=(60)
cfn=(204)
calls=2 406 
* 2538
* 2
+2 4
+4 4
+8 6
+23 16
cfn=(160)
calls=2 1481 
* 458
+4 4
-4 2
+4 2
+1 4
+13 6
2037 4
+1 22
664 2
2039 2
664 4
2063 4
+1 4
-16 4

fl=(18) /usr/src/debug/glibc-2.28-251.el8_10.25.x86_64/elf/../misc/sbrk.c
fn=(42) sbrk
32 5
+8 6
+4 2
+16 5

fl=(31)
fn=(98)
25 1
+1 3
+21 2

fn=(94) _dl_hwcaps_contains
66 6
+1 12
+1 6
+9 6

fn=(90) _dl_hwcaps_split.part.1
24 36
+10 60
+1 12
-1 24
+3 12
-1 33
+5 27
cfi=(32)
cfn=(92)
calls=9 -18 
* 216
+1 18
+3 12
+1 6
+1 36
-4 6
cfi=(17)
cfn=(40)
calls=3 -2 
* 51
* 3
+4 3
-1 3
+1 9

fn=(88)
51 33
-25 42
+4 36
+4 12
cfn=(90)
calls=12 -10 
* 567
+20 24
+2 9
+1 27
+1 42
cfn=(94)
calls=6 +8 
* 30
* 12
+4 12
-7 5
+7 10

fl=(64) /usr/src/debug/glibc-2.28-251.el8_10.25.x86_64/malloc/scratch_buffer_set_array_size.c
fn=(222) __libc_scratch_buffer_set_array_size
30 3
+4 3
-4 3
+4 3
-4 3
+1 6
+4 3
-5 6
+5 3
+11 3
-1 6
+18 12

fl=(36)
fn=(120)
40 35
+1 7
cfi=(17)
cfn=(40)
calls=7 * 
* 323
* 7
fi=(37) /usr/src/debug/glibc-2.28-251.el8_10.25.x86_64/string/../include/rtld-malloc.h
+15 14
cfi=(6)
cfn=(54)
calls=7 +72 
* 133
* 7
fe=(36)
-12 14
+3 28
cfi=(22)
cfn=(58)
calls=7 190 
* 125
* 7
+1 35

fl=(74) /usr/src/debug/glibc-2.28-251.el8_10.25.x86_64/elf/dl-lookup-direct.c
fn=(418) check_match
31 1
+2 1
-2 1
+2 1
-2 3
+1 1
+1 2
+2 2
+1 2
+12 4
+3 1
+2 6
cfi=(24)
cfn=(68)
calls=1 +56 
* 66
* 2
+4 2
+1 6
+1 3
cfi=(24)
cfn=(68)
calls=1 +50 
* 25
+2 3
+3 7

fn=(416) _dl_lookup_direct
74 13
+1 1
+1 2
+2 3
+37 1
-37 3
+1 2
+2 4
+3 5
+2 1
+1 1
-1 1
+1 1
-1 1
+1 3
cfn=(418)
calls=1 -56 
* 139
* 1
+3 2
+26 9

fl=(81)
fn=(514)
45 72
+9 18
-9 36
fi=(86) /usr/src/debug/glibc-2.28-251.el8_10.25.x86_64/elf/../sysdeps/x86_64/dl-runtime.h
-17 18
fe=(81)
+17 18
+3 36
+5 18
+1 36
-7 18
+8 18
+2 18
-2 90
+2 18
-2 18
+2 18
+5 36
+4 36
+4 54
+4 34
+1 68
-7 68
+16 17
-1 17
+1 35
-1 1
+1 2
+10 162
cfi=(7)
cfn=(262)
calls=18 852 
* 9724
* 18
+4 90
+10 180
+15 72
+9 54
+26 54
fi=(5)
+81 18
fe=(81)
-77 108
-13 36
fi=(84) /usr/src/debug/glibc-2.28-251.el8_10.25.x86_64/elf/../sysdeps/x86_64/dl-irel.h
32 2
cob=(3)
cfi=(69)
cfn=(318)
calls=1 -32 
* 22
cob=(4)
cfi=(70)
cfn=(360)
calls=1 -32 
* 9
fe=(81)
+92 4

fl=(34)
fn=(100)
23 1
+5 1
+1 1
+1 1
+1 1
+1 1
+1 1
+1 1
+1 1
+3 1
+1 1
+1 1
+1 1
+1 1
+1 1
+1 1
+1 1
+1 1
+2 1
+1 1
+9 1
+1 1
+9 1
+1 1
+1 1
+1 1
+1 1
+1 1
+29 1
+1 1
+1 1
+1 1
+1 1
+1 1
+1 1
+1 1
+1 1
+1 1
+1 1
+1 1
+1 1

fl=(15) /usr/src/debug/glibc-2.28-251.el8_10.25.x86_64/elf/../sysdeps/x86/cpu-features.c
fn=(32) init_cpu_features.constprop.0
386 1
+5 1
-5 2
+3 1
+1 1
+1 1
+11 2
+3 6
648 3
+1 1
+3 2
+1 1
+6 1
+6 1
-5 1
+5 1
-4 1
+4 1
-3 1
+3 1
cfi=(9)
cfn=(22)
calls=1 412 
* 22
+2 4
cfi=(9)
cfn=(22)
calls=1 412 
* 23
* 1
+2 3
-2 1
+2 1
cfi=(9)
cfn=(22)
calls=1 412 
* 23
* 1
+2 3
-2 1
+2 1
cfi=(9)
cfn=(22)
calls=1 412 
* 23
* 1
+2 3
-2 1
+2 1
cfi=(9)
cfn=(22)
calls=1 412 
* 23
* 1
+2 3
-2 1
+2 1
cfi=(9)
cfn=(22)
calls=1 412 
* 23
* 2
+4 3
+14 1
-1 2
+1 3
+48 1
-1 1
+1 1
+44 2
+1 3
+4 4
cfi=(9)
cfn=(22)
calls=1 412 
* 22
+2 4
cfi=(9)
cfn=(22)
calls=1 412 
* 22
fi=(16) /usr/src/debug/glibc-2.28-251.el8_10.25.x86_64/elf/../sysdeps/unix/sysv/linux/x86/cpu-features.c
28 6
fe=(15)
842 4
-97 3
+27 2
-10 2
+1 3
+2 3
+1 2
+2 3
+1 2
411 6
cfn=(34) get_common_indices.constprop.1
calls=1 -90 
* 58
299 4
+1 2
+1 6
+5 2
+1 6
+5 2
+1 6
416 1
cfn=(36) update_usable.constprop.2
calls=1 50 
* 129
+2 3
523 2
+2 1
409 2
530 2
+2 1
+4 3
+8 2
+2 2
420 2
+1 1
-1 1
+1 7
+55 2
+14 1
+10 5
+14 1
+1 1

fn=(34)
321 3
+7 3
+5 2
-5 1
+5 1
-5 1
+4 1
+1 1
+1 4
+1 4
+1 3
+1 2
+7 2
+2 5
+5 1
-5 1
+5 1
-5 1
+5 1
-5 2
+5 1
+7 1
-7 4
+7 1
+1 3
+6 1
-6 4
+6 1
+6 2

fn=(36)
50 7
+4 1
+18 1
+10 1
-9 1
-10 1
-1 1
+10 2
-9 1
-1 1
+25 1
-4 1
-21 1
+19 1
+9 1
-7 1
+4 1
-24 1
+28 1
+4 1
-8 1
+13 1
-19 1
+2 1
+11 1
+5 1
-18 1
+9 1
+10 2
+1 1
-7 1
-4 1
+4 1
+5 1
-18 1
+18 1
-12 1
+14 1
-11 1
+4 1
+5 1
+2 1
+1 1
+2 4
+3 2
+4 2
+2 4
+83 3
+12 2
+1 1
+3 3
+4 2
+4 3
+1 2
+3 1
-1 1
+9 1
-5 1
+2 1
-2 1
+5 1
+51 3
+4 3
+6 8
117 2
+2 1
+3 2
+10 1
+8 1
+2 1
-10 1
+8 1
+2 1
-10 1
+6 1
+2 1
-2 1
-6 1
+6 1
+4 1
-4 1
+9 6
-18 1
-5 2
+4 1

fl=(45)
fn=(158)
340 234
+1 78
cfi=(24)
cfn=(68)
calls=39 109 
* 975
+1 39
-1 78
+3 39
+2 78
+4 39
-4 78
+1 141
cfi=(24)
cfn=(68)
calls=47 109 
* 1463
* 94
-5 8
+11 71
-1 31
+1 124

fn=(206)
44 2
+3 1
-3 3
+3 1
-3 4
+3 1
cfi=(46)
cfn=(162)
calls=1 -13 
* 17
+1 2
+23 7
-21 5
cfi=(50)
cfn=(174)
calls=1 -17 
* 11
* 2
+2 2
+3 2
+13 2
cfi=(56)
cfn=(190)
calls=1 -43 
* 6
* 1
-11 6
cfi=(51)
cfn=(176)
calls=1 -16 
* 36
* 2

fl=(47)
fn=(164)
25 6
+1 24
+1 6

fl=(82) /usr/src/debug/glibc-2.28-251.el8_10.25.x86_64/elf/dl-open.c
fn=(538) _dl_find_dso_for_object
212 6
+4 5
+1 4
+1 16
+1 2
-2 9
+5 2
+4 7

fl=(38)
fn=(128)
46 5
+3 10
+5 8
+5 1
-1 1
+1 3
+1 2
-1 1
+5 1
-14 5
+4 10
+3 1
+1 6

fn=(132) _dl_debug_state
73 2
+1 2

fl=(2)
fn=(64)
856 7
+1 7
+1 7

fn=(136) handle_preload_list
898 10
+1 1
-1 5
+5 2
+3 3
cfi=(41) /usr/src/debug/glibc-2.28-251.el8_10.25.x86_64/string/../string/strcspn.c
cfn=(138) strcspn
calls=1 32 
* 238
* 1
+1 3
+9 1
+4 1
-2 2
+2 1
cfn=(140) dso_name_valid_for_suid
calls=1 177 
* 14
* 2
+1 4
cfn=(142) do_preload
calls=1 817 
* 2753
* 1
-18 2
+21 9
-15 4
cfi=(22)
cfn=(58)
calls=1 190 
* 19
+1 2

fn=(232)
683 3
+2 4
cfi=(65)
cfn=(234)
calls=1 362 
* 5509
* 2
+4 2

fn=(62)
850 7
+1 7
+1 7

fn=(2)
504 10
71 3
fi=(5)
-13 1
fe=(2)
+13 1
fi=(3)
-23 1
fi=(5)
+10 2
fe=(2)
548 1
-3 1
fi=(3)
48 2
+15 1
+5 1
+3 1
+2 2
-6 1
+3 1
+3 1
-6 1
+3 2
-6 20
+10 5
-26 15
+16 14
+10 14
-26 42
+26 1
-26 3
+2 40
+13 24
+2 4
+16 2
+20 4
+1 4
+1 4
+1 4
+2 4
+5 4
+1 4
+1 4
+5 3
+5 2
+7 3
+1 3
+8 5
+3 3
+4 2
+1 2
fe=(2)
559 2
+7 1
+13 1
cfi=(6)
cfn=(10)
calls=1 55 
* 10
71 1
471 1
71 3
471 1
cfi=(7)
cfn=(12)
calls=1 972 
* 24
+1 1
+18 2
-18 1
+1 2
+1 2
+1 2
+9 1
+6 1
cfi=(8) /usr/src/debug/glibc-2.28-251.el8_10.25.x86_64/elf/../elf/dl-sysdep.c
cfn=(14) _dl_sysdep_start
calls=1 88 
* 208450
* 1
+2 2
594 9
fi=(3)
68 4
fe=(2)
564 25
fi=(4)
86 1
-1 1
+28 3
+1 2
fi=(5)
538 2
fi=(4)
114 98
fi=(5)
538 98
+1 50
fi=(4)
113 50
fi=(5)
539 100
fi=(4)
113 100
+5 2
fi=(5)
331 1
+88 1
fi=(4)
126 2
+2 12
fi=(5)
271 6
fi=(4)
128 6
+1 12
+1 12
fi=(5)
299 12
+8 60
+3 12
+21 33
fi=(3)
71 4
+1 1
+1 2
fi=(4)
+53 19
fi=(5)
351 10
+1 5
fe=(2)

fn=(142)
817 1
+12 1
-12 5
+10 1
-4 1
+6 2
-5 1
+5 2
-10 1
+6 1
+4 1
cob=(2)
cfi=(42)
cfn=(144) 0x0000000004001070
calls=1 0 
* 2725
+1 3
+8 3
+6 5

fn=(44) dl_main
1193 2
+14 1
298 1
1193 9
2706 1
1193 1
+14 1
+4 1
2691 1
1211 1
+1 2
+5 1
2691 1
1217 1
2683 1
1193 1
2683 1
+8 2
298 1
2691 1
-6 1
1193 1
192 1
2691 3
+27 1
193 1
+1 1
+97 1
+1 1
+1 1
+1 1
+1 1
+1 1
+1 1
2718 2
-25 2
cfi=(19)
cfn=(46)
calls=1 28 
* 333
* 4
cfi=(19)
cfn=(46)
calls=2 28 
* 390
* 6
+4 6
-2 2
+2 6
+1 2
-1 6
+1 17
-1 89
+3 4
+6 13
2853 3
+32 2
1225 1
+1 1
-3 1
+2 3
+1 3
2782 3
+1 3
-56 2
+7 2
1493 7
cfi=(20)
cfn=(48)
calls=1 59 
* 219
* 1
+2 2
+1 1
+1 1
+5 2
-5 1
+1 3
+4 1
cfi=(20)
cfn=(60)
calls=1 31 
* 36
+1 2
1201 1
1532 1
-5 1
-3 1
+1 1
+7 1
-5 1
+5 1
-3 1
+3 3
+56 2
1198 1
1573 1
+15 3
-55 4
+95 2
+1 2
+1 1
-98 30
+1 61
+91 1
-92 1
+92 1
-92 2
1641 5
+3 2
+2 2
+2 2
+13 3
+3 1
-2 1
+2 1
-2 1
+2 1
-2 2
cfi=(24)
cfn=(68)
calls=1 109 
* 34
* 2
+7 1
+3 1
-5 1
+3 1
+2 1
+1 2
+4 2
+2 2
fi=(3)
33 1
+9 2
+6 1
-2 1
+2 2
+15 1
+5 1
+3 1
+2 1
-3 1
-3 1
-3 14
+10 3
-26 9
+16 21
+10 21
-26 63
+26 1
-26 3
+2 50
+13 16
+2 4
+16 3
+37 3
+5 2
+7 2
+1 3
+18 3
+14 3
+20 2
fe=(2)
1687 3
+7 2
cfi=(7)
cfn=(12)
calls=1 972 
* 24
+3 2
fi=(25) /usr/src/debug/glibc-2.28-251.el8_10.25.x86_64/elf/setup-vdso.h
24 2
fe=(2)
1719 1
cfi=(12)
cfn=(74)
calls=1 46 
* 88
* 8
fi=(27) /usr/src/debug/glibc-2.28-251.el8_10.25.x86_64/elf/./dl-main.h
109 5
cfi=(28)
cfn=(80)
calls=1 688 
* 10899
fe=(2)
1727 3
cfi=(38)
cfn=(128)
calls=1 46 
* 18
+7 1
-7 1
+2 1
+5 1
+4 1
+3 1
-3 3
+1 2
+3 1
+5 1
-7 1
+7 1
+1 5
+17 2
+1 2
+5 1
-3 2
+2 1
+1 2
+5 3
+1 5
-1 2
220 1
-1 1
+1 1
+1 2
-2 1
+2 2
1794 2
+5 2
+24 1
cfi=(39)
cfn=(130) _dl_count_modids
calls=1 219 
* 5
* 1
+8 3
+3 2
+4 3
+5 2
+1 1
cfi=(38)
cfn=(132)
calls=1 73 
* 2
+1 1
+4 3
cfi=(40)
cfn=(134)
calls=1 29 
* 16
+5 3
+2 1
+2 2
+9 2
+16 3
cfi=(57) /usr/src/debug/glibc-2.28-251.el8_10.25.x86_64/io/../sysdeps/unix/sysv/linux/access.c
cfn=(194) access
calls=1 25 
* 9
* 2
+76 4
+16 3
71 1
1985 1
71 2
1985 2
71 1
1985 5
cfi=(58)
cfn=(196) _dl_map_object_deps
calls=1 159 
* 19317
78 1
1991 1
78 2
+9 2
1991 2
+1 16
-1 12
+1 2
-1 3
+4 4
+1 3
+1 1
+2 2
+1 2
-1 2
+1 16
-1 9
+47 2
+2 1
-2 1
+2 2
-2 1
+1 2
+1 1
-1 2
+1 1
cfi=(43)
cfn=(230)
calls=1 238 
* 5536
+10 1
+1 1
-1 1
+1 1
+3 2
866 1
fi=(87) /usr/src/debug/glibc-2.28-251.el8_10.25.x86_64/elf/../sysdeps/unix/sysv/linux/dl-osinfo.h
64 2
fe=(2)
868 1
fi=(87)
77 1
fe=(2)
877 1
+7 1
-5 1
2067 3
2297 3
1533 2
+4 3
+1 1
-5 25
+55 8
-1 4
+1 4
-1 4
+2 8
+1 1
+3 2
+1 2
-1 6
+1 6
+1 4
+1 10
+1 2
-36 1
-9 1
-1 1
+1 1
+2 1
-3 1
+10 2
+18 2
-37 3
+1 1
fi=(23)
59 4
fe=(2)
1779 1
+6 1
-6 1
+1 2
+5 1
fi=(3)
68 4
+3 4
+1 1
+1 3
fe=(2)
1798 2
-85 4
2012 2
+1 2
+2 1
+2 3
+2 1
-4 1
+5 1
-1 2
+14 2
+1 2
+1 3
+3 2
2357 1
+4 1
-8 1
+4 1
+4 1
+3 2
+8 1
fi=(23)
33 3
cfi=(66) /usr/src/debug/glibc-2.28-251.el8_10.25.x86_64/elf/../sysdeps/x86/dl-cet.c
cfn=(250) _dl_cet_check
calls=1 245 
* 31
fe=(2)
2423 1
+3 1
+2 1
-5 2
+3 2
+2 2
+1 6
cfi=(67)
cfn=(254)
calls=1 167 
* 79462
71 1
2435 1
71 3
2436 16
+2 15
+5 10
+2 10
+8 5
-2 5
+2 10
+1 32
cfi=(67)
cfn=(254)
calls=4 167 
* 23484
+4 12
+1 2
-23 1
+23 1
cfi=(39)
cfn=(352) _dl_add_to_slotinfo
calls=1 1136 
* 35
-23 2
78 4
+1 1
2467 1
79 1
2467 1
+5 4
+2 1
+7 4
cfi=(39)
cfn=(402) _dl_allocate_tls_init
calls=1 571 
* 152
+3 2
+9 3
+2 4
+12 2
cfi=(6)
cfn=(404)
calls=1 89 
* 2673
71 1
2513 1
+1 3
71 3
2514 2
cfi=(67)
cfn=(254)
calls=1 167 
* 4019
78 3
+9 2
2522 3
cfi=(73) /usr/src/debug/glibc-2.28-251.el8_10.25.x86_64/elf/dl-call-libc-early-init.c
cfn=(414) _dl_call_libc_early_init
calls=1 27 
* 236
+7 1
cfi=(8)
cfn=(424) _dl_sysdep_start_cleanup
calls=1 262 
* 2
+4 3
cfi=(40)
cfn=(426)
calls=1 41 
* 19
+5 3
cfi=(38)
cfn=(128)
calls=1 46 
* 9
+1 1
-1 1
+2 1
cfi=(38)
cfn=(132)
calls=1 73 
* 2
+1 1
+4 1
cfi=(60)
cfn=(428)
calls=1 527 
* 18
+5 8
2447 1
+1 1
-3 2
1737 4
2010 2
+50 2
cfn=(238) init_tls
calls=1 743 
* 739
* 2
-97 11
71 1
1862 1
71 2
1862 1
71 1
1862 2
cfn=(136)
calls=1 898 
* 3078
* 1
78 3
+9 3
2734 4
+2 2
+1 1
+46 2
+2 2
+1 2
+1 1
1963 5
+1 1
-1 1
+1 1
+3 3
+1 1
+1 2
+1 2
-7 2

fn=(140)
177 4
+1 3
+8 2
+1 5

fn=(154)
650 2
+2 1
-2 1
+2 1
+1 2
-1 2
+1 3
cfi=(28)
cfn=(156)
calls=1 1931 
* 2623
* 1
+2 2

fn=(238)
743 3
+2 1
+4 1
-4 1
+4 2
+10 1
fi=(21)
44 1
fe=(2)
755 1
+4 1
fi=(21)
44 1
cfi=(6)
cfn=(50)
calls=1 171 
* 28
fe=(2)
770 1
-12 1
+6 1
-9 1
+11 1
+4 1
+2 3
-1 3
+3 15
+4 1
+2 1
-2 1
+2 2
-7 1
-1 2
+1 4
-1 8
+10 2
+3 2
cfi=(39)
cfn=(240) _dl_tls_static_surplus_init
calls=1 118 
* 82
+3 1
cfi=(39)
cfn=(242) _dl_determine_tlsoffset
calls=1 243 
* 69
+7 1
cfi=(39)
cfn=(244) _dl_allocate_tls_storage
calls=1 443 
* 453
* 1
+1 2
+4 1
cfi=(39)
cfn=(248) _dl_tls_initial_modid_limit_setup
calls=1 1098 
* 21
+4 1
+3 2
-3 1
+3 6
+3 1
+3 5

fl=(53)
fn=(182)
78 40
+1 8

fn=(430)
78 5
+1 1

fl=(66)
fn=(252) dl_cet_check
39 7
+3 1
-1 1
+4 1
-4 1
+3 1
+4 2
+1 2
-1 2
+6 1
+5 2
228 8

fn=(250)
245 1
+1 1
cfn=(252)
calls=1 39 
* 29

fl=(41)
fn=(138)
32 4
+1 5
+6 6
+1 4
+1 4
+1 4
+2 1
+3 3
+1 2
-1 6
+1 4
+3 4
+1 4
+1 4
+1 4
+2 3
+5 1
+1 1
+3 1
-2 1
-1 1
+2 1
+3 2
-3 1
+3 5
-6 11
+1 11
+3 11
-2 11
-1 11
+2 11
+3 22
-3 11
+3 55
+2 1
+1 3
+1 1
-1 1
+1 2

fl=(23)
fn=(178)
153 60
+4 6
+2 24
53 8
+6 8
160 1
-4 1
-94 1
+5 5
+89 6
-89 6
+70 15
-1 3
-69 9
+3 9
+1 6
+1 6
+4 9
+4 9
+3 9
+1 6
+4 3
+1 6
+11 3
+1 12
+5 6
-13 3
+1 3
+3 6
+83 6
+3 6
+1 50
-21 4
+1 22
+6 6
-6 2
+6 2
cfi=(48)
cfn=(166)
calls=2 28 
* 12
+1 2
-7 2
+7 8
cfi=(47)
cfn=(164)
calls=2 25 
* 12
* 4
53 4
+6 4
+3 2
+5 4
+89 4
-14 15
+1 3
+1 6
+1 6
+19 6
-51 6
+3 3
-23 3
+23 3
+4 3

fl=(50)
fn=(174)
33 8
+1 8
+1 24
+4 4

fl=(73)
fn=(414)
27 1
+2 2
-2 1
+6 3
-6 1
+6 3
-6 1
+6 1
cfi=(74)
cfn=(416)
calls=1 +41 
* 193
+4 2
+2 4
+2 1
-1 1
+1 2
-1 1
cob=(3)
cfi=(69)
cfn=(420) __libc_early_init
calls=1 -40 
* 19

fl=(51)
fn=(176)
41 10
+3 20
-3 120
+6 20
+5 100
+2 70
-7 18

fl=(20)
fn=(48)
59 60
+3 8
+18 9
cfi=(17)
cfn=(40)
calls=3 -39 
* 69
* 18
fi=(21)
-36 9
cfi=(6)
cfn=(50)
calls=3 171 
* 145
fe=(20)
+36 1
fi=(21)
-36 3
cfi=(6)
cfn=(50)
calls=1 171 
* 34
* 4
fe=(20)
+51 8
+4 4
+5 4
-6 4
+6 4
-5 8
+4 4
+1 4
-1 4
+1 8
cfi=(22)
cfn=(58)
calls=4 +86 
* 55
* 4
+15 4
-15 4
+2 4
+13 8
+6 1
+2 7
+3 2
-3 21
+3 6
+2 4
+4 4
+3 13
+2 1
-2 3
+2 15
-2 45
+16 4
-6 4
+1 4
+5 8
-6 4
+6 12
+2 9
+3 6
+4 9
+4 6
+2 1
+6 1
+13 1
-10 2
+10 6
-10 6
+10 9
+2 3
cfi=(17)
cfn=(40)
calls=3 41 
* 105
+21 3
-21 9
+17 3
-13 9
fi=(21)
56 6
cfi=(6)
cfn=(54)
calls=3 +72 
* 57
* 3
fe=(20)
200 9
+45 9
cfi=(22)
cfn=(108)
calls=3 -68 
* 47
* 53
+6 50
-1 50
+1 53
-1 3
+1 3
+2 6
+3 3
+3 3
+4 36
131 11
-12 9
+49 9
-15 1
+7 4
-96 2
+2 3
+1 6
+10 1
-6 2

fn=(60)
31 16
+2 4
-2 8
+2 8
cfi=(2)
cfn=(62)
calls=4 850 
* 12
+2 31
+3 27
+2 3
+2 3
+4 3
+4 3
-4 3
+5 3
-5 3
+1 3
+4 3
-4 3
+1 3
+3 3
-3 3
+2 3
cfi=(2)
cfn=(64)
calls=3 856 
* 9
-4 1
+4 1
-4 1
+5 1
-5 1
+1 1
+4 1
-4 1
+1 1
+3 1
-3 1
+2 1
cfi=(2)
cfn=(64)
calls=1 856 
* 3
-5 2

fl=(57)
fn=(194)
25 1
+2 7
+4 1

fl=(8)
fn=(424)
262 1
+1 1

fn=(14)
88 9
+25 1
-1 1
+1 343
+6 1
-3 1
+1 1
-4 1
+3 1
+3 9
-29 2
+29 1
+1 1
-1 16
-30 2
+31 111
-1 111
+62 1
+1 1
-1 1
+1 1
-29 1
+1 2
+11 1
+1 1
-1 1
+1 1
-7 1
+1 1
-1 1
+1 1
-4 1
+1 2
-25 1
+1 2
-4 1
+1 2
-7 1
+1 1
+2 1
+1 1
+97 1
cfi=(9)
cfn=(16)
calls=1 +65 
* 54920
+3 1
cfi=(11)
cfn=(20)
calls=1 +76 
* 32
fi=(12)
36 2
cfi=(13)
cfn=(26)
calls=1 -8 
* 10
fi=(5)
225 1
cfi=(14)
cfn=(30) _dl_x86_init_cpu_features
calls=1 36 
* 562
fe=(8)
+13 3
+1 1
cfi=(17)
cfn=(40)
calls=1 41 
* 17
* 1
+2 2
cfi=(18)
cfn=(42)
calls=1 32 
* 18
* 3
+12 3
+3 5
cfi=(2)
cfn=(44)
calls=1 1193 
* 152219
+2 9

fl=(58)
fn=(196)
159 2
+1 3
-1 2
+1 1
-1 1
+1 1
-1 6
+1 3
-1 1
+1 6
-8 1
+8 2
-8 1
-6 1
+14 1
-15 1
+7 1
-8 1
+2 1
+6 1
+24 3
-28 3
-2 1
+31 1
-33 2
+2 2
-2 1
+2 1
-1 1
+1 1
+6 4
+24 8
+4 1
+20 1
fi=(63) /usr/src/debug/glibc-2.28-251.el8_10.25.x86_64/elf/../include/scratch_buffer.h
78 1
fe=(58)
180 1
fi=(63)
77 4
fe=(58)
198 1
+89 1
-89 1
303 1
200 1
303 1
-16 2
-78 2
+4 4
-4 8
+4 16
+11 14
-18 2
+18 4
433 15
+2 6
+3 3
-3 3
+3 3
fi=(21)
56 3
cfi=(6)
cfn=(54)
calls=3 +72 
* 57
* 3
fe=(58)
439 6
+6 3
+1 15
cfi=(22)
cfn=(58)
calls=3 190 
* 33
+1 15
cfi=(22)
cfn=(58)
calls=3 190 
* 33
+4 3
-1 3
+5 20
202 12
458 12
-1 5
+1 12
199 2
+27 3
+11 3
-5 3
-6 6
+5 3
+2 6
+1 6
+3 12
+66 3
-97 3
+97 3
-66 3
+1 9
+6 12
cfi=(28)
cfn=(118)
calls=3 -8 
* 150
* 8
cfi=(28)
cfn=(118)
calls=2 -8 
* 108
* 15
+4 15
-2 5
+2 5
cob=(2)
cfi=(42)
cfn=(148)
calls=5 0 
* 17053
+1 10
+9 5
+2 10
+5 15
+6 3
+2 3
-8 6
+3 3
+1 3
+1 3
+1 3
+4 15
+4 15
+1 9
-43 324
+1 156
+44 228
-38 10
fi=(63)
85 5
fe=(58)
464 6
+1 1
+3 4
+11 3
fi=(21)
56 1
cfi=(6)
cfn=(54)
calls=1 +72 
* 19
* 1
fe=(58)
481 2
+5 1
+2 2
-2 1
+1 1
+3 1
-4 2
+4 1
+4 15
+6 10
-2 10
+2 15
+5 5
-15 16
+18 2
+52 3
+37 3
+1 5
+20 1
-1 2
+1 3
-1 6
cfi=(11)
cfn=(226)
calls=1 312 
* 352
+5 1
+2 1
+1 1
+1 2
+7 3
+3 3
+3 8
214 32
fi=(63)
-83 3
fe=(58)
+86 3
fi=(63)
-86 6
cfi=(64)
cfn=(222)
calls=3 30 
* 54
fe=(58)
+86 6
+4 9
612 2
cfi=(22)
cfn=(58)
calls=1 190 
* 19
* 1
160 3
380 8

fn=(198)
61 15
+7 5
-4 10
+1 5
-1 10
+1 5
-1 25
cfi=(28)
cfn=(156)
calls=5 1931 
* 16653
* 5
+5 10

fl=(14)
fn=(412)
42 1
-4 3
+4 2

fn=(30)
36 1
+2 3
+1 1
cfi=(15)
cfn=(32)
calls=1 386 
* 557

fl=(39)
fn=(248)
1098 1
+1 1
+2 3
+2 1
+1 2
+3 1
-6 1
+6 1
-4 3
+1 2
-3 3
+9 1
+1 1

fn=(218)
152 2
+3 3
+53 1
+2 1
+3 1
+1 2

fn=(402)
571 10
+1 2
+4 1
+6 1
-6 2
+6 1
cfi=(2)
cfn=(62)
calls=1 850 
* 3
+3 3
+12 1
-18 1
-1 2
+24 6
+6 4
+3 3
+1 2
+6 3
+3 1
-2 1
+6 1
-6 1
+2 1
+4 1
-4 3
+1 1
+2 2
+4 2
+1 4
+2 2
+1 2
+19 1
-10 1
+10 1
+2 4
cfi=(22)
cfn=(108)
calls=1 177 
* 13
* 6
cfi=(55)
cfn=(186)
calls=1 169 
* 35
+3 2
+1 1
-55 5
+65 2
cfi=(2)
cfn=(64)
calls=1 856 
* 3
+3 2
+3 9

fn=(244)
443 5
+2 1
+11 1
84 1
460 1
fi=(21)
56 1
cfi=(6)
cfn=(54)
calls=1 +72 
* 80
fe=(39)
461 3
+11 4
+1 1
+4 297
+19 1
+2 2
cfn=(246) allocate_dtv
calls=1 387 
* 47
+1 2
90 1
504 5

fn=(130)
219 1
+2 2
+1 2

fn=(240)
118 2
+4 1
-4 2
+4 1
-4 2
+4 3
cfi=(9)
cfn=(22)
calls=1 412 
* 23
* 1
+1 4
cfi=(9)
cfn=(22)
calls=1 412 
* 23
* 3
+6 1
+2 3
+3 1
+2 1
-32 3
+34 3
+1 5

fn=(246)
387 1
fi=(21)
44 1
fe=(39)
387 3
+5 1
+4 1
+1 1
fi=(21)
44 1
cfi=(6)
cfn=(50)
calls=1 171 
* 28
fe=(39)
398 2
+3 1
+6 3
+6 4

fn=(352)
1136 1
+1 4
-1 7
+9 1
+3 1
+1 1
+4 3
+45 1
-9 2
+3 3
+1 3
+5 1
-3 1
+4 6

fn=(242)
243 6
+6 3
+3 2
+36 3
+2 2
-2 1
-2 1
-40 1
-1 1
-1 2
+69 2
+3 1
-3 1
+3 1
-3 4
+2 2
+10 1
-12 1
-25 6
+5 1
-1 1
+5 2
-5 1
+1 1
-1 1
+3 2
+2 3
+32 2
-1 1
+53 1
-52 4
+2 2
+51 6

ob=(3)
fl=(69)
fn=(474) __cxa_atexit
0 3
cfn=(476) __internal_atexit
calls=1 0 
0 68

fn=(318)
0 44

fn=(320)
0 19

fn=(552) sbrk
0 40
cfn=(554) brk
calls=2 0 
0 22
0 10
cfn=(554)
calls=1 0 
0 11
0 7

fn=(554)
0 33

fn=(566) _IO_file_open
0 91
cfn=(568) open
calls=7 0 
0 211
0 105
cfn=(562) _IO_link_in
calls=7 0 
0 119
0 35

fn=(590) _IO_file_underflow@@GLIBC_2.2.5
0 96
cfn=(602) _IO_switch_to_get_mode
calls=4 0 
0 100
0 64
cfn=(604) _IO_file_read
calls=4 0 
0 64
0 74
cfn=(592) _IO_doallocbuf
calls=3 0 
0 969
0 6

fn=(600) _IO_setb
0 327
cob=(2)
cfi=(42)
cfn=(634) 0x0000000004fd7bb0
calls=7 0 
0 1020
0 35

fn=(626) _IO_file_close_it@@GLIBC_2.2.5
0 112
cfn=(628) _IO_unsave_markers
calls=7 0 
0 42
0 84
cfn=(630) _IO_file_close
calls=7 0 
0 63
0 63
cfn=(600)
calls=7 0 
0 1230
0 56
cfn=(622) _IO_un_link
calls=7 0 
0 28
0 98
cfn=(662) _IO_do_write@@GLIBC_2.2.5
calls=4 0 
0 456
0 8

fn=(636)
0 4602300
cfn=(638) _int_free
calls=200100 0 
0 24870448

fn=(640) systrim.isra.1.constprop.11
0 25

fn=(692) _IO_sputbackc
0 11400

fn=(710) round_and_return
0 11873
cfn=(714) __mpn_construct_double
calls=200 0 
0 3000
0 1200
cfn=(712) round_away
calls=200 0 
0 2000
0 1400

fn=(712)
0 2000

fn=(718) __strtol_internal
0 400
cfn=(720) ____strtol_l_internal
calls=100 0 
0 9800

fn=(938) __mpn_rshift
0 666

fn=(276) get_common_cache_info
0 229

fn=(286)
0 21

fn=(290) _dl_vdso_vsym
0 64

fn=(298)
0 22

fn=(324)
0 7

fn=(326)
0 19

fn=(334)
0 23

fn=(340)
0 17

fn=(344)
0 21

fn=(346)
0 17

fn=(450) __init_misc
0 13
cob=(2)
cfi=(42)
cfn=(452) 0x0000000004fd7bf0
calls=1 0 
0 24
0 12

fn=(540) malloc_init_state
0 647

fn=(560) _IO_new_file_init_internal
0 63
cfn=(562)
calls=7 0 
0 574
0 35

fn=(574) __strchr_avx2
0 147

fn=(584) _IO_getline_info
0 2923
cob=(2)
cfi=(42)
cfn=(608) 0x0000000004fd7a10
calls=100 0 
0 2116
0 814
cfn=(586) __uflow
calls=2 0 
0 639
0 2420
cob=(2)
cfi=(42)
cfn=(612) 0x0000000004fd7ab0
calls=100 0 
0 1899
0 406

fn=(602)
0 100

fn=(610) __memchr_avx2
0 1916

fn=(614)
0 3825623

fn=(674) _IO_file_write@@GLIBC_2.2.5
0 364
cfn=(676) write
calls=26 0 
0 260
0 598

fn=(700) __strlen_avx2
0 3830

fn=(742) __memset_avx2_unaligned_erms
0 487485259

fn=(936) __mpn_extract_double
0 1440

fn=(448)
0 86
cfn=(290)
calls=1 0 
0 16
0 9
cfn=(290)
calls=1 0 
0 16
0 7
cfn=(450)
calls=1 0 
0 49
0 6

fn=(274) intel_check_word.isra.0
0 1280

fn=(282)
0 17

fn=(306)
0 24

fn=(312)
0 7

fn=(322)
0 38

fn=(348)
0 62
cfn=(290)
calls=1 0 
0 16
0 5

fn=(532) getrandom
0 10

fn=(548) sysmalloc
0 85
cfn=(550) __default_morecore
calls=1 0 
0 62
0 38
cfn=(550)
calls=1 0 
0 44
0 23

fn=(644) _IO_default_finish
0 112

fn=(658) _IO_file_xsputn@@GLIBC_2.2.5
0 4385
cob=(2)
cfi=(42)
cfn=(668) 0x0000000004fd7b90
calls=135 0 
0 2554
0 6712
cfn=(660) _IO_file_overflow@@GLIBC_2.2.5
calls=22 0 
0 3253
0 356
cfn=(664) _IO_default_xsputn
calls=1 0 
0 776
0 129

fn=(662)
0 161
cfn=(672) new_do_write
calls=26 0 
0 2608
0 156

fn=(728)
0 12
cfn=(730) srandom_r
calls=1 0 
0 11104
0 6

fn=(932) __printf_fp
0 504
cfn=(934) __printf_fp_l
calls=72 0 
0 99672

fn=(944) __overflow
0 2970
cfn=(660)
calls=165 0 
0 7630

fn=(1026) _IO_cleanup
0 13
cfn=(1028) _IO_flush_all_lockp
calls=1 0 
0 115
0 78
cfn=(1030) _IO_file_setbuf@@GLIBC_2.2.5
calls=1 0 
0 86
0 56

fn=(478) __new_exitfn
0 30

fn=(270)
0 92
cfn=(272) handle_intel.constprop.1
calls=1 0 
0 446
0 3
cfn=(272)
calls=1 0 
0 484
0 3
cfn=(272)
calls=1 0 
0 509
0 7
cfn=(276)
calls=1 0 
0 229
0 3

fn=(272)
0 126
cfn=(274)
calls=3 0 
0 978
0 27
cfn=(274)
calls=3 0 
0 302
0 6

fn=(280)
0 17

fn=(310)
0 42

fn=(420)
0 2
cfn=(422) __ctype_init
calls=1 0 
0 17

fn=(544) tcache_init.part.7
0 14
cfn=(546) _int_malloc
calls=1 0 
0 412
0 101

fn=(564) _IO_file_fopen@@GLIBC_2.2.5
0 356
cfn=(566)
calls=7 0 
0 561
0 42
cfn=(570) __GI_strstr
calls=7 0 
0 399
0 33

fn=(632) __close_nocancel
0 42

fn=(652) vfprintf
0 2633
cob=(2)
cfi=(42)
cfn=(654) 0x0000000004fd7970
calls=73 0 
0 1533
0 1606
cfn=(658)
calls=73 0 
0 4719
0 9238
cob=(2)
cfi=(42)
cfn=(654)
calls=93 0 
0 1953
0 1116
cfn=(658)
calls=93 0 
0 11243
0 2299
cfn=(666) _itoa_word
calls=21 0 
0 1380
0 857
cfn=(658)
calls=21 0 
0 1902
0 5091
cfn=(932)
calls=72 0 
0 100176
0 2297
cfn=(930) read_int
calls=20 0 
0 260
0 242

fn=(664)
0 175
cfn=(660)
calls=14 0 
0 476
0 125

fn=(666)
0 1380

fn=(930)
0 260

fn=(942) hack_digit
0 9992
cfn=(706) __mpn_mul_1
calls=520 0 
0 10920
0 5289

fn=(962) __run_exit_handlers
0 71
cob=(1)
cfi=(85)
cfn=(966)
calls=1 30 
0 1731
0 27
cfn=(1026)
calls=1 0 
0 348
0 5
cfn=(1036) _Exit
calls=1 0 
0 6
0 1
cfn=(964) __call_tls_dtors
calls=1 0 
0 12
0 1

fn=(284)
0 17

fn=(288)
0 62
cfn=(290)
calls=1 0 
0 16
0 5

fn=(292)
0 23

fn=(314)
0 17

fn=(338)
0 7

fn=(342)
0 17

fn=(500) __sigjmp_save
0 9

fn=(558) _IO_old_init
0 196

fn=(586)
0 124
cfn=(588) _IO_default_uflow
calls=4 0 
0 1469
0 16

fn=(620)
0 133
cfn=(642) _IO_file_finish@@GLIBC_2.2.5
calls=7 0 
0 203
0 91
cob=(2)
cfi=(42)
cfn=(634)
calls=7 0 
0 630
0 42
cfn=(622)
calls=7 0 
0 673
0 161
cfn=(626)
calls=7 0 
0 2240
0 98

fn=(622)
0 49
cfn=(624) __GI__IO_un_link.part.1
calls=7 0 
0 645
0 7

fn=(624)
0 645

fn=(638)
0 15986924
cfn=(926) unlink_chunk.isra.2
calls=60043 0 
0 1260903
0 4042604
cfn=(926)
calls=21 0 
0 451
0 840422
cfn=(946) malloc_consolidate
calls=19993 0 
0 2619108
0 120010
cfn=(640)
calls=1 0 
0 25
0 1

fn=(660)
0 6697
cfn=(662)
calls=22 0 
0 2357
0 5
cfn=(662)
calls=1 0 
0 112
0 12
cfn=(592)
calls=5 0 
0 2146
0 30

fn=(706)
0 19134

fn=(714)
0 3000

fn=(720)
0 9800

fn=(732) random_r
0 10896

fn=(750)
0 240
cfn=(752) random
calls=80 0 
0 4076
0 160

fn=(752)
0 1040
cfn=(732)
calls=80 0 
0 2236
0 800

fn=(964)
0 12

fn=(996) __unregister_atfork
0 32

fn=(1034) _IO_file_sync@@GLIBC_2.2.5
0 18

fn=(472)
0 23
cfn=(474)
calls=1 0 
0 71
0 11
cob=(6)
cfi=(77)
cfn=(480)
calls=1 0 
0 52
0 3
cob=(2)
cfi=(42)
cfn=(492) 0x0000000004fd7ac0
calls=1 0 
0 7
0 4
cfn=(496) _setjmp
calls=1 0 
0 34
0 15
cob=(6)
cfi=(78)
cfn=(502)
calls=1 6 
0 6288724040
0 2
cfn=(960) exit
calls=1 0 
0 2210

fn=(294)
0 46

fn=(308)
0 42

fn=(330)
0 21

fn=(332)
0 17

fn=(422)
0 17

fn=(498) __sigsetjmp
0 22
cfn=(500)
calls=1 0 
0 9

fn=(530) ptmalloc_init.part.0
0 11
cfn=(532)
calls=1 0 
0 10
0 9
cfn=(540)
calls=1 0 
0 647
0 4
cob=(2)
cfi=(42)
cfn=(542) 0x0000000004fd7a40
calls=1 0 
0 22
0 4
cob=(2)
cfi=(42)
cfn=(542)
calls=1 0 
0 25
0 4
cob=(2)
cfi=(42)
cfn=(542)
calls=1 0 
0 22
0 4
cob=(2)
cfi=(42)
cfn=(542)
calls=1 0 
0 25
0 4
cob=(2)
cfi=(42)
cfn=(542)
calls=1 0 
0 25
0 4
cob=(2)
cfi=(42)
cfn=(542)
calls=1 0 
0 22
0 4
cob=(2)
cfi=(42)
cfn=(542)
calls=1 0 
0 25
0 4
cob=(2)
cfi=(42)
cfn=(542)
calls=1 0 
0 25
0 4
cob=(2)
cfi=(42)
cfn=(542)
calls=1 0 
0 25
0 4
cob=(2)
cfi=(42)
cfn=(542)
calls=1 0 
0 25
0 4
cob=(2)
cfi=(42)
cfn=(542)
calls=1 0 
0 25
0 4
cob=(2)
cfi=(42)
cfn=(542)
calls=1 0 
0 25
0 17
cfn=(534) _dl_addr
calls=1 0 
0 73191
0 6

fn=(546)
0 25172432
cfn=(946)
calls=19992 0 
0 3778488
0 13909961
cfn=(926)
calls=100058 0 
0 2581954
0 3502252
cfn=(548)
calls=1 0 
0 252
0 6

fn=(568)
0 211

fn=(580)
0 3939
cfn=(582) _IO_getline
calls=101 0 
0 11520
0 2721

fn=(596) _IO_file_stat
0 40
cfn=(598) _fxstat
calls=8 0 
0 88

fn=(606) read
0 40

fn=(628)
0 42

fn=(690) _IO_vfscanf
0 64866
cfn=(692)
calls=300 0 
0 5700
0 2704
cfn=(586)
calls=2 0 
0 970
0 13904
cfn=(692)
calls=100 0 
0 1900
0 1800
cfn=(718)
calls=100 0 
0 10200
0 13175
cfn=(694) __strtod_internal
calls=200 0 
0 247215
0 154711
cfn=(692)
calls=200 0 
0 3800
0 1400

fn=(738)
0 5582542
cfn=(546)
calls=180082 0 
0 46081062
0 6562974
cob=(2)
cfi=(42)
cfn=(740) 0x0000000004fd7b50
calls=160081 0 
0 487805421
0 320162

fn=(940) __libc_alloca_cutoff
0 792

fn=(952)
0 1404
cfn=(652)
calls=52 0 
0 86068
0 260

fn=(994) __cxa_finalize
0 94
cfn=(996)
calls=2 0 
0 32
0 24

fn=(1028)
0 115

fn=(1032) _IO_default_setbuf
0 19
cfn=(1034)
calls=1 0 
0 18
0 33

fn=(1036)
0 6

fn=(278)
0 22

fn=(296)
0 21

fn=(302)
0 17

fn=(316)
0 17

fn=(454) __strrchr_avx2
0 22

fn=(496)
0 3
cfn=(498)
calls=1 0 
0 31

fn=(520)
0 21
cfn=(522) __fopen_internal
calls=7 0 
0 79130

fn=(550)
0 6
cfn=(552)
calls=2 0 
0 90
0 10

fn=(588)
0 60
cfn=(590)
calls=4 0 
0 1373
0 36

fn=(604)
0 24
cfn=(606)
calls=4 0 
0 40

fn=(676)
0 260

fn=(688)
0 12300
cfn=(690)
calls=300 0 
0 522345
0 6000

fn=(702) str_to_mpn.isra.0
0 55044

fn=(704) __mpn_mul
0 13024
cfn=(706)
calls=352 0 
0 7620
0 2112

fn=(958)
0 8
cob=(2)
cfi=(42)
cfn=(698) 0x0000000004fd7a50
calls=1 0 
0 24
0 33
cfn=(658)
calls=1 0 
0 301
0 31
cfn=(944)
calls=1 0 
0 171
0 2

fn=(300)
0 22

fn=(328)
0 21

fn=(336)
0 19

fn=(526)
0 620545
cfn=(546)
calls=20015 0 
0 2863704
0 340360
cfn=(528) malloc_hook_ini
calls=1 0 
0 74996

fn=(527) malloc'2
0 29
cfn=(546)
calls=1 0 
0 167
0 21
cfn=(544)
calls=1 0 
0 527
0 10

fn=(528)
0 9
cfn=(530)
calls=1 0 
0 74230
0 3
cfn=(527)
calls=1 0 
0 754

fn=(570)
0 126
cob=(2)
cfi=(42)
cfn=(572) 0x0000000004fd7a60
calls=7 0 
0 161
0 112

fn=(582)
0 303
cfn=(584)
calls=101 0 
0 11217

fn=(594) _IO_file_doallocate
0 184
cfn=(596)
calls=8 0 
0 128
0 96
cob=(2)
cfi=(42)
cfn=(524) 0x0000000004fd7990
calls=8 0 
0 2185
0 64
cfn=(600)
calls=8 0 
0 152
0 98

fn=(650)
0 629
cfn=(652)
calls=20 0 
0 60498
0 14
cfn=(652)
calls=1 0 
0 1979
0 105

fn=(656) __strchrnul_avx2
0 3154

fn=(670) __mempcpy_avx_unaligned_erms
0 3580

fn=(694)
0 800
cfn=(696) ____strtod_l_internal
calls=200 0 
0 246415

fn=(696)
0 4600
cob=(2)
cfi=(42)
cfn=(698)
calls=200 0 
0 3200
0 84322
cob=(2)
cfi=(42)
cfn=(612)
calls=200 0 
0 3000
0 11069
cfn=(704)
calls=333 0 
0 21312
0 7234
cfn=(702)
calls=200 0 
0 53244
0 18960
cfn=(708) __mpn_lshift
calls=70 0 
0 1192
0 350
cfn=(708)
calls=70 0 
0 1120
0 734
cfn=(702)
calls=36 0 
0 1800
0 936
cob=(2)
cfi=(42)
cfn=(612)
calls=36 0 
0 540
0 4574
cfn=(708)
calls=36 0 
0 576
0 612
cfn=(710)
calls=36 0 
0 3519
0 1752
cfn=(710)
calls=146 0 
0 14208
0 3518
cfn=(710)
calls=18 0 
0 1746
0 286
cob=(2)
cfi=(42)
cfn=(612)
calls=67 0 
0 990
0 1021

fn=(708)
0 4040

fn=(730)
0 580
cfn=(732)
calls=1 0 
0 28
0 927
cfn=(732)
calls=309 0 
0 8632
0 937

fn=(960)
0 8
cfn=(962)
calls=1 0 
0 2202

fn=(476)
0 19
cfn=(478)
calls=1 0 
0 30
0 19

fn=(304)
0 17

fn=(456)
0 12

fn=(522)
0 77
cob=(2)
cfi=(42)
cfn=(524)
calls=7 0 
0 76332
0 84
cfn=(556) _IO_no_init
calls=7 0 
0 434
0 28
cfn=(560)
calls=7 0 
0 672
0 35
cfn=(564)
calls=7 0 
0 1391
0 77

fn=(534)
0 16
cob=(1)
cfi=(2)
cfn=(62)
calls=1 850 
0 3
0 2
cob=(2)
cfi=(42)
cfn=(536) 0x0000000004fd7b00
calls=1 0 
0 53
0 70497
cob=(1)
cfi=(2)
cfn=(64)
calls=1 856 
0 3
0 2617

fn=(556)
0 77
cfn=(558)
calls=7 0 
0 196
0 161

fn=(562)
0 693

fn=(592)
0 160
cfn=(594)
calls=8 0 
0 2907
0 48

fn=(598)
0 88

fn=(630)
0 21
cfn=(632)
calls=7 0 
0 42

fn=(642)
0 91
cfn=(644)
calls=7 0 
0 112

fn=(672)
0 624
cfn=(674)
calls=26 0 
0 1222
0 762

fn=(926)
0 4563038

fn=(934)
0 9251
cfn=(940)
calls=72 0 
0 792
0 2150
cfn=(942)
calls=35 0 
0 1610
0 2864
cfn=(942)
calls=432 0 
0 20983
0 4824
cfn=(936)
calls=72 0 
0 1440
0 940
cfn=(942)
calls=72 0 
0 3608
0 4041
cob=(2)
cfi=(42)
cfn=(698)
calls=72 0 
0 1152
0 8424
cob=(2)
cfi=(42)
cfn=(668)
calls=72 0 
0 1440
0 3237
cfn=(708)
calls=35 0 
0 560
0 2059
cfn=(708)
calls=37 0 
0 592
0 5218
cfn=(704)
calls=19 0 
0 1444
0 9143
cfn=(944)
calls=162 0 
0 9517
0 1127
cfn=(706)
calls=18 0 
0 594
0 580
cfn=(938)
calls=19 0 
0 342
0 242
cfn=(938)
calls=18 0 
0 324
0 254
cfn=(944)
calls=2 0 
0 912
0 8

fn=(946)
0 5377976
cfn=(926)
calls=19992 0 
0 359856
0 239911
cfn=(926)
calls=19993 0 
0 359874
0 59979

fn=(1030)
0 4
cfn=(1032)
calls=1 0 
0 70
0 12

ob=(4)
fl=(70)
fn=(892) 0x00000000000771e0
0 305953451

fn=(374)
0 8

fn=(382)
0 8

fn=(398)
0 9

fn=(758)
0 10200
cob=(2)
cfi=(42)
cfn=(760) 0x0000000004c40420
calls=2040 0 
0 130617

fn=(390)
0 8

fn=(362)
0 9

fn=(364)
0 7

fn=(400)
0 7

fn=(790)
0 3788

fn=(1018) 0x000000000000c520
0 5

fn=(376)
0 9

fn=(878)
0 445148884
cfn=(880) expm1
calls=11099478 0 
0 1103903322
0 182617312
cfn=(880)
calls=8920522 0 
0 646547907
0 44602610

fn=(356)
0 9

fn=(366)
0 9

fn=(378)
0 9

fn=(392)
0 9

fn=(394)
0 7

fn=(762) 0x0000000000077b50
0 126537

fn=(888)
0 16016000
cob=(2)
cfi=(42)
cfn=(890) 0x0000000004c404f0
calls=4004000 0 
0 313961451
0 48048000

fn=(368)
0 9

fn=(370)
0 7

fn=(354)
0 9

fn=(372)
0 7

fn=(380)
0 7

fn=(384)
0 9

fn=(386)
0 7

fn=(396)
0 9

fn=(462)
0 12

fn=(1008)
0 9
cob=(2)
cfi=(42)
cfn=(1014) 0x0000000004c40500
calls=1 0 
0 77
0 1
cfn=(1018)
calls=1 0 
0 5
0 3

fn=(358)
0 9

fn=(388)
0 7

fn=(880)
0 1750451229

fn=(360)
0 18

ob=(2)
fl=(42)
fn=(438)
0 7

fn=(452)
0 2
cob=(3)
cfi=(69)
cfn=(454)
calls=1 0 
0 22

fn=(524)
0 30
cob=(3)
cfi=(69)
cfn=(526)
calls=15 0 
0 78487

fn=(542)
0 24
cob=(1)
cfi=(9)
cfn=(22)
calls=12 412 
0 267

fn=(612)
0 806
cob=(3)
cfi=(69)
cfn=(614)
calls=403 0 
0 5623

fn=(654)
0 332
cob=(3)
cfi=(69)
cfn=(656)
calls=166 0 
0 3154

fn=(740)
0 320162
cob=(3)
cfi=(69)
cfn=(742)
calls=160081 0 
0 487485259

fn=(1006)
0 4

fn=(148)
0 12
cob=(1)
cfi=(43)
cfn=(150)
calls=6 175 
0 19741

fn=(890)
0 8008000
cob=(4)
cfi=(70)
cfn=(892)
calls=4004000 0 
0 305953451

fn=(988)
0 2
cob=(3)
cfi=(69)
cfn=(994)
calls=1 0 
0 75
cob=(1)
cfi=(80)
cfn=(512)
calls=1 67 
0 727
0 5

fn=(492)
0 2
cob=(1)
cfi=(40)
cfn=(494)
calls=1 118 
0 5

fn=(536)
0 2
cob=(1)
cfi=(82)
cfn=(538)
calls=1 212 
0 51

fn=(572)
0 14
cob=(3)
cfi=(69)
cfn=(574)
calls=7 0 
0 147

fn=(978)
0 4

fn=(1024)
0 4

fn=(144)
0 2
cob=(1)
cfi=(43)
cfn=(146)
calls=1 225 
0 2723

fn=(608)
0 200
cob=(3)
cfi=(69)
cfn=(610)
calls=100 0 
0 1916

fn=(760)
0 4080
cob=(4)
cfi=(70)
cfn=(762)
calls=2040 0 
0 126537

fn=(482)
0 7

fn=(634)
0 28
cob=(3)
cfi=(69)
cfn=(636)
calls=14 0 
0 1622

fn=(668)
0 414
cob=(3)
cfi=(69)
cfn=(670)
calls=207 0 
0 3580

fn=(1014)
0 2
cob=(3)
cfi=(69)
cfn=(994)
calls=1 0 
0 75

fn=(458)
0 7

fn=(698)
0 546
cob=(3)
cfi=(69)
cfn=(700)
calls=273 0 
0 3830

totals: 6288936569
